Case #1: 1 0
Case #2: 1 0
Case #3: 1 1
Case #4: 0 0
Case #5: 500 499
Case #6: 0 0
Case #7: 500000000000000000 499999999999999999
Case #8: 0 0
Case #9: 0 0
Case #10: 1 0
Case #11: 125000000000000000 124999999999999999
Case #12: 1 1
Case #13: 0 0
Case #14: 0 0
Case #15: 0 0
Case #16: 0 0
Case #17: 1 0
Case #18: 0 0
Case #19: 0 0
Case #20: 1 0
Case #21: 2 2
Case #22: 0 0
Case #23: 2 2
Case #24: 0 0
Case #25: 0 0
Case #26: 0 0
Case #27: 0 0
Case #28: 1 0
Case #29: 1 1
Case #30: 0 0
Case #31: 0 0
Case #32: 1 0
Case #33: 1 0
Case #34: 0 0
Case #35: 2 1
Case #36: 250000000000000000 249999999999999999
Case #37: 0 0
Case #38: 0 0
Case #39: 0 0
Case #40: 0 0
Case #41: 0 0
Case #42: 2 2
Case #43: 2 2
Case #44: 2 2
Case #45: 0 0
Case #46: 2 2
Case #47: 0 0
Case #48: 1953125000000000 1953124999999999
Case #49: 1 0
Case #50: 249999999999999999 249999999999999999
Case #51: 7812499999999999 7812499999999999
Case #52: 0 0
Case #53: 0 0
Case #54: 1 1
Case #55: 1 0
Case #56: 499999999999999999 499999999999999999
Case #57: 0 0
Case #58: 0 0
Case #59: 0 0
Case #60: 1 0
Case #61: 0 0
Case #62: 0 0
Case #63: 7812499999999999 7812499999999999
Case #64: 1 1
Case #65: 0 0
Case #66: 1 0
Case #67: 1 0
Case #68: 1 1
Case #69: 1 1
Case #70: 0 0
Case #71: 3906249999999999 3906249999999999
Case #72: 0 0
Case #73: 0 0
Case #74: 1 1
Case #75: 1 1
Case #76: 250000000000000000 249999999999999999
Case #77: 3906249999999999 3906249999999999
Case #78: 1 0
Case #79: 2 2
Case #80: 0 0
Case #81: 1 0
Case #82: 3906250000000000 3906249999999999
Case #83: 1 0
Case #84: 1 0
Case #85: 0 0
Case #86: 0 0
Case #87: 1 0
Case #88: 0 0
Case #89: 0 0
Case #90: 1 0
Case #91: 1 0
Case #92: 0 0
Case #93: 1 1
Case #94: 0 0
Case #95: 1 0
Case #96: 0 0
Case #97: 0 0
Case #98: 1 1
Case #99: 0 0
Case #100: 0 0
