Case #1: 1 0
Case #2: 1 0
Case #3: 1 1
Case #4: 0 0
Case #5: 500 499
Case #6: 0 0
Case #7: 0 0
Case #8: 1 0
Case #9: 0 0
Case #10: 1 0
Case #11: 7812 7811
Case #12: 3905 3905
Case #13: 1 1
Case #14: 1 0
Case #15: 125000 124999
Case #16: 0 0
Case #17: 0 0
Case #18: 0 0
Case #19: 3 2
Case #20: 0 0
Case #21: 1 1
Case #22: 0 0
Case #23: 0 0
Case #24: 1 0
Case #25: 1 1
Case #26: 0 0
Case #27: 0 0
Case #28: 0 0
Case #29: 1 0
Case #30: 1953 1952
Case #31: 3906 3905
Case #32: 1 0
Case #33: 0 0
Case #34: 1 1
Case #35: 0 0
Case #36: 0 0
Case #37: 250000 249999
Case #38: 1 0
Case #39: 0 0
Case #40: 7812 7811
Case #41: 249999 249999
Case #42: 0 0
Case #43: 0 0
Case #44: 1 0
Case #45: 0 0
Case #46: 0 0
Case #47: 2 2
Case #48: 1 1
Case #49: 0 0
Case #50: 1 0
Case #51: 0 0
Case #52: 250000 249999
Case #53: 0 0
Case #54: 0 0
Case #55: 0 0
Case #56: 1 0
Case #57: 0 0
Case #58: 0 0
Case #59: 0 0
Case #60: 0 0
Case #61: 500000 499999
Case #62: 3 2
Case #63: 1 1
Case #64: 0 0
Case #65: 1 1
Case #66: 3 2
Case #67: 0 0
Case #68: 1 0
Case #69: 0 0
Case #70: 1 0
Case #71: 0 0
Case #72: 0 0
Case #73: 1 0
Case #74: 0 0
Case #75: 499999 499999
Case #76: 0 0
Case #77: 0 0
Case #78: 0 0
Case #79: 1 0
Case #80: 0 0
Case #81: 3906 3905
Case #82: 1 1
Case #83: 1 0
Case #84: 2 1
Case #85: 0 0
Case #86: 0 0
Case #87: 0 0
Case #88: 1 0
Case #89: 0 0
Case #90: 1 1
Case #91: 1 0
Case #92: 0 0
Case #93: 0 0
Case #94: 1 1
Case #95: 1 0
Case #96: 1 0
Case #97: 0 0
Case #98: 0 0
Case #99: 0 0
Case #100: 0 0
