Case #1: 1 0
Case #2: 1 0
Case #3: 1 1
Case #4: 0 0
Case #5: 500 499
Case #6: 1 0
Case #7: 0 0
Case #8: 1 0
Case #9: 0 0
Case #10: 0 0
Case #11: 0 0
Case #12: 0 0
Case #13: 3 3
Case #14: 250 249
Case #15: 1 0
Case #16: 3 2
Case #17: 1 0
Case #18: 125 124
Case #19: 1 0
Case #20: 1 0
Case #21: 0 0
Case #22: 0 0
Case #23: 0 0
Case #24: 1 0
Case #25: 1 1
Case #26: 0 0
Case #27: 0 0
Case #28: 1 1
Case #29: 0 0
Case #30: 1 0
Case #31: 1 1
Case #32: 0 0
Case #33: 0 0
Case #34: 3 3
Case #35: 0 0
Case #36: 0 0
Case #37: 7 6
Case #38: 3 2
Case #39: 0 0
Case #40: 3 2
Case #41: 1 0
Case #42: 0 0
Case #43: 3 3
Case #44: 1 0
Case #45: 0 0
Case #46: 1 0
Case #47: 0 0
Case #48: 0 0
Case #49: 1 0
Case #50: 7 6
Case #51: 0 0
Case #52: 1 1
Case #53: 1 0
Case #54: 0 0
Case #55: 1 0
Case #56: 0 0
Case #57: 0 0
Case #58: 0 0
Case #59: 1 0
Case #60: 0 0
Case #61: 0 0
Case #62: 0 0
Case #63: 0 0
Case #64: 250 249
Case #65: 249 249
Case #66: 0 0
Case #67: 499 499
Case #68: 0 0
Case #69: 2 2
Case #70: 0 0
Case #71: 3 2
Case #72: 1 1
Case #73: 1 1
Case #74: 0 0
Case #75: 1 0
Case #76: 0 0
Case #77: 1 0
Case #78: 1 1
Case #79: 0 0
Case #80: 1 1
Case #81: 0 0
Case #82: 2 1
Case #83: 0 0
Case #84: 0 0
Case #85: 1 1
Case #86: 0 0
Case #87: 0 0
Case #88: 0 0
Case #89: 0 0
Case #90: 1 1
Case #91: 3 3
Case #92: 0 0
Case #93: 0 0
Case #94: 0 0
Case #95: 0 0
Case #96: 0 0
Case #97: 0 0
Case #98: 0 0
Case #99: 0 0
Case #100: 1 0
