Case #1:
GGG
CCJ
CCJ
Case #2:
CODE
CODE
CJAM
Case #3:
CA
KE
Case #4:
QQQQQQQQQQQQQQQQQQQQQQQQQ
QQQQQQQQQQQQQQQQQQQQQQQQQ
QQQQQQQQQQQQQQQQQQQQQQQQQ
QQQQQQQQQQQQQQQQQQQQQQQQQ
QQQQQQQQQQQQQQQQQQQQQQQQQ
QQQQQQQQQQQQQQQQQQQQQQQQQ
QQQQQQQQQQQQQQQQQQQQQQQQQ
QQQQQQQQQQQQQQQQQQQQQQQQQ
QQQQQQQQQQQQQQQQQQQQQQQQQ
QQQQQQQQQQQQQQQQQQQQQQQQQ
QQQQQQQQQQQQQQQQQQQQQQQQQ
QQQQQQQQQQQQQQQQQQQQQQQQQ
QQQQQQQQQQQQQQQQQQQQQQQQQ
QQQQQQQQQQQQQQQQQQQQQQQQQ
QQQQQQQQQQQQQQQQQQQQQQQQQ
QQQQQQQQQQQQQQQQQQQQQQQQQ
YRUDDDDDDDDDDDDDDDDDDDDDD
YRIIGGGGGGGGGGGGGGGGGGGGG
YNNAMLLLLLLLLLLLLLLLLLLLL
OHHBXEEPPPPPPPPPPPPPPPPPP
ZZVBCEEPPPPPPPPPPPPPPPPPP
ZZVBCEEPPPPPPPPPPPPPPPPPP
KKFBCEEPPPPPPPPPPPPPPPPPP
SWFBCEEPPPPPPPPPPPPPPPPPP
STJBCEEPPPPPPPPPPPPPPPPPP
Case #5:
MMMMMMMMMMMMMMMMHHHHHHHHH
MMMMMMMMMMMMMMMMHHHHHHHHH
MMMMMMMMMMMMMMMMHHHHHHHHH
GGGGGGGGGGGGGGGGTTWRRRFFF
CCCCCCCCCCCCCCNNTTWRRRFFF
CCCCCCCCCCCCCCNNLEWIIIZZZ
CCCCCCCCCCCCCCNNXEWIIIOQQ
CCCCCCCCCCCCCCNNSEKKUUAAD
CCCCCCCCCCCCCCNNSEKKVVAAD
CCCCCCCCCCCCCCNNSEKKVVBBD
CCCCCCCCCCCCCCNNSEKKPJBBD
CCCCCCCCCCCCCCNNSEKKPYBBD
CCCCCCCCCCCCCCNNSEKKPYBBD
CCCCCCCCCCCCCCNNSEKKPYBBD
CCCCCCCCCCCCCCNNSEKKPYBBD
CCCCCCCCCCCCCCNNSEKKPYBBD
CCCCCCCCCCCCCCNNSEKKPYBBD
CCCCCCCCCCCCCCNNSEKKPYBBD
CCCCCCCCCCCCCCNNSEKKPYBBD
CCCCCCCCCCCCCCNNSEKKPYBBD
CCCCCCCCCCCCCCNNSEKKPYBBD
CCCCCCCCCCCCCCNNSEKKPYBBD
CCCCCCCCCCCCCCNNSEKKPYBBD
CCCCCCCCCCCCCCNNSEKKPYBBD
CCCCCCCCCCCCCCNNSEKKPYBBD
Case #6:
AAAAAAAAAAAAAAAAAAAAAAAAA
BBCCCCCCCCCCCCCCCCCCCCCCC
BBCCCCCCCCCCCCCCCCCCCCCCC
BBDDEEEEEEEEEEEEEEEEEEEEE
BBDDEEEEEEEEEEEEEEEEEEEEE
BBDDFFGGGGGGGGGGGGGGGGGGG
BBDDFFGGGGGGGGGGGGGGGGGGG
BBDDFFHHIIIIIIIIIIIIIIIII
BBDDFFHHIIIIIIIIIIIIIIIII
BBDDFFHHJJKKKKKKKKKKKKKKK
BBDDFFHHJJKKKKKKKKKKKKKKK
BBDDFFHHJJLLMMMMMMMMMMMMM
BBDDFFHHJJLLMMMMMMMMMMMMM
BBDDFFHHJJLLNNOOOOOOOOOOO
BBDDFFHHJJLLNNOOOOOOOOOOO
BBDDFFHHJJLLNNPPQQQQQQQQQ
BBDDFFHHJJLLNNPPQQQQQQQQQ
BBDDFFHHJJLLNNPPRRSSSSSSS
BBDDFFHHJJLLNNPPRRSSSSSSS
BBDDFFHHJJLLNNPPRRTTUUUUU
BBDDFFHHJJLLNNPPRRTTUUUUU
BBDDFFHHJJLLNNPPRRTTVVWWW
BBDDFFHHJJLLNNPPRRTTVVWWW
BBDDFFHHJJLLNNPPRRTTVVXXY
BBDDFFHHJJLLNNPPRRTTVVXXY
Case #7:
AAAAAAAAAAAAAAAAAAAAAAAAA
AAAAAAAAAAAAAAAAAAAAAAAAA
AAAAAAAAAAAAAAAAAAAAAAAAA
AAAAAAAAAAAAAAAAAAAAAAAAA
AAAAAAAAAAAAAAAAAAAAAAAAA
AAAAAAAAAAAAAAAAAAAAAAAAA
AAAAAAAAAAAAAAAAAAAAAAAAA
AAAAAAAAAAAAAAAAAAAAAAAAA
AAAAAAAAAAAAAAAAAAAAAAAAA
AAAAAAAAAAAAAAAAAAAAAAAAA
AAAAAAAAAAAAAAAAAAAAAAAAA
AAAAAAAAAAAAAAAAAAAAAAAAA
AAAAAAAAAAAAAAAAAAAAAAAAA
AAAAAAAAAAAAAAAAAAAAAAAAA
AAAAAAAAAAAAAAAAAAAAAAAAA
AAAAAAAAAAAAAAAAAAAAAAAAA
RRRRRZZZLLKKKKKKKKKKKKKKK
RRRRRZZZLLKKKKKKKKKKKKKKK
RRRRRZZZLLKKKKKKKKKKKKKKK
QQQQYZZZLLKKKKKKKKKKKKKKK
HXXXIGGULLOOOOOOOOOOOOOOO
HXXXIGGUBBBNFEEEEEEEEEEEE
SXXXIGGUCCCNJEEEEEEEEEEEE
SXXXIGGUWWWNJEEEEEEEEEEEE
DPVVIMMUWWWTJEEEEEEEEEEEE
Case #8:
CCC
CCC
CCC
DDF
EAB
Case #9:
UUUUUUUUUUUUIIRRRRRRRRRRR
UUUUUUUUUUUUIIDTTTCCCCCCC
XXXXXXXXXXXQIIEMMMZZZZZZZ
VVVVVVVVVVVQIIHKFYGGGGGGG
VVVVVVVVVVVBAALKWNGGGGGGG
VVVVVVVVVVVBSSJKWNGGGGGGG
VVVVVVVVVVVBSSOPWNGGGGGGG
VVVVVVVVVVVBSSOPWNGGGGGGG
VVVVVVVVVVVBSSOPWNGGGGGGG
VVVVVVVVVVVBSSOPWNGGGGGGG
VVVVVVVVVVVBSSOPWNGGGGGGG
VVVVVVVVVVVBSSOPWNGGGGGGG
VVVVVVVVVVVBSSOPWNGGGGGGG
VVVVVVVVVVVBSSOPWNGGGGGGG
VVVVVVVVVVVBSSOPWNGGGGGGG
VVVVVVVVVVVBSSOPWNGGGGGGG
VVVVVVVVVVVBSSOPWNGGGGGGG
VVVVVVVVVVVBSSOPWNGGGGGGG
VVVVVVVVVVVBSSOPWNGGGGGGG
VVVVVVVVVVVBSSOPWNGGGGGGG
VVVVVVVVVVVBSSOPWNGGGGGGG
VVVVVVVVVVVBSSOPWNGGGGGGG
VVVVVVVVVVVBSSOPWNGGGGGGG
VVVVVVVVVVVBSSOPWNGGGGGGG
VVVVVVVVVVVBSSOPWNGGGGGGG
Case #10:
AAAAAAAAAAAAAAAAAAAAABBBB
AAAAAAAAAAAAAAAAAAAAABBBB
AAAAAAAAAAAAAAAAAAAAABBBB
AAAAAAAAAAAAAAAAAAAAABBBB
AAAAAAAAAAAAAAAAAAAAABBBB
AAAAAAAAAAAAAAAAAAAAABBBB
AAAAAAAAAAAAAAAAAAAAABBBB
AAAAAAAAAAAAAAAAAAAAABBBB
AAAAAAAAAAAAAAAAAAAAABBBB
AAAAAAAAAAAAAAAAAAAAABBBB
AAAAAAAAAAAAAAAAAAAAABBBB
AAAAAAAAAAAAAAAAAAAAABBBB
AAAAAAAAAAAAAAAAAAAAABBBB
CCCCCCCCCCCCCCCCCE???BBBB
CCCCCCCCCCCCCCCCCEDDDDDDD
CCCCCCCCCCCCCCCCCEDDDDDDD
CCCCCCCCCCCCCCCCCEDDDDDDD
CCCCCCCCCCCCCCCCCEDDDDDDD
CCCCCCCCCCCCCCCCCEDDDDDDD
CCCCCCCCCCCCCCCCCEDDDDDDD
CCCCCCCCCCCCCCCCCEDDDDDDD
CCCCCCCCCCCCCCCCCEDDDDDDD
CCCCCCCCCCCCCCCCCEDDDDDDD
CCCCCCCCCCCCCCCCCEDDDDDDD
CCCCCCCCCCCCCCCCCEDDDDDDD
Case #11:
RRRRRRRRRRRRRRRRRRRRRRRRR
RRRRRRRRRRRRRRRRRRRRRRRRR
RRRRRRRRRRRRRRRRRRRRRRRRR
IINNNNNNNNNNNNNNLLLLLCCCC
IINNNNNNNNNNNNNNLLLLLCCCC
IINNNNNNNNNNNNNNLLLLLCCCC
IINNNNNNNNNNNNNNLLLLLCCCC
IINNNNNNNNNNNNNNKKKKKCCCC
IINNNNNNNNNNNNNNKKKKKCCCC
IINNNNNNNNNNNNNNKKKKKCCCC
IIVDDDDDDDDDS???KKKKKCCCC
IIVDDDDDDDDDS???KKKKKCCCC
IIVDDDDDDDDDSUUUUUUQQCCCC
IIVDDDDDDDDDSUUUUUUQQCCCC
IIVDDDDDDDDDSUUUUUUQQCCCC
IIVPPFWWWWWWWUUUUUUQQCCCC
IIVPPFWWWWWWWAAOOOHQQCCCC
IIVPPJWWWWWWWAAOOOHQQEEEE
IIVPPJWWWWWWWAAOOOHQQEEEE
IIVPPJWWWWWWWAAOOOHQQEEEE
BBVPPJWWWWWWWAAOOOHQQEEEE
BBVPPJWWWWWWWTTOOOHQQEEEE
BBVMMJWWWWWWWTTGGXHYYEEEE
BBVMMJWWWWWWWTTGGXHYYEEEE
BBVMMJZZZZZZZTTGGXHYYEEEE
Case #12:
AAAAA
AAAAA
AAAAA
Case #13:
SSSZZZZZZZZZUUUUUTTTTTTTP
SSSZZZZZZZZZUUUUUTTTTTTTP
SSSZZZZZZZZZUUUUUTTTTTTTP
SSSVVVRRRRRRUUUUUTTTTTTTP
SSSVVVRRRRRRJJJJETTTTTTTP
SSSVVVRRRRRRJJJJETTTTTTTP
SSSVVVRRRRRRJJJJETTTTTTTP
SSSVVVKKKKKKJJJJETTTTTTTP
SSSAAAKKKKKKJJJJETTTTTTTP
NNNIIIKKKKKKJJJJETTTTTTTP
NNNIIIGGGGGGJJJJETTTTTTTP
DDDIIIGGGGGGJJJJEYYYMMMMP
DDDIIIGGGGGGJJJJEYYYMMMMP
DDDIIIGGGGGGJJJJEQQQMMMMP
DDDIIIGGGGGGLLLLEQQQMMMMP
DDDIIIGGGGGGLLLLEQQQMMMMP
DDDIIIGGGGGGLLLLEQQQMMMMP
DDDIIIGGGGGGLLLLEQQQMMMMP
DDDIIIGGGGGGLLLLEQQQMMMMP
DDDIIIGGGGGGLLLLEQQQMMMMP
XXXIIIGGGGGGWWWWEQQQMMMMP
XXXIIIGGGGGGWWWWEQQQMMMMP
XXXIIIGGGGGGWWWWEQQQMMMMP
XXXIIIHHHCCCBBBBEQQQMMMMP
XXXIIIHHHFFFOOOOEQQQMMMMP
Case #14:
TTTTVVQQQMYYYYYYYYYYAAAAA
TTTTVVQQQMYYYYYYYYYYFFFFF
TTTTVVQQQMYYYYYYYYYYHHHHH
TTTTVVQQQMYYYYYYYYYYHHHHH
TTTTVVQQQPYYYYYYYYYYHHHHH
TTTTVVOOOPYYYYYYYYYYSSSSS
LLLLVVOOOPYYYYYYYYYYSSSSS
LLLLVVOOOPYYYYYYYYYYSSSSS
LLLLVVOOOPYYYYYYYYYYSSSSS
LLLLVVNNNPYYYYYYYYYYSSSSS
LLLLGGNNNPZZZZZZZZZZBJJJJ
DDDDGGNNNPZZZZZZZZZZBJJJJ
DDDDGGNNNPZZZZZZZZZZBJJJJ
DDDDGGNNNPZZZZZZZZZZBJJJJ
DDDDGGNNNPZZZZZZZZZZBWWWW
DDDDXXNNNPCCCCCCCCKKBWWWW
DDDDXXNNNPCCCCCCCCKKBWWWW
UUUUXXNNNPCCCCCCCCKKBWWWW
UUUUXXNNNPCCCCCCCCKKBWWWW
UUUUXXNNNPCCCCCCCCKKBWWWW
IIIIXXNNNPCCCCCCCCKKBWWWW
IIIIXXNNNPEEEEEEEEKKBWWWW
IIIIXXNNNPEEEEEEEEKKBWWWW
IIIIXXNNNPEEEEEEEEKKRWWWW
IIIIXXNNNPEEEEEEEEKKRWWWW
Case #15:
AAAAAAABBBBBBBBBBBBBBBBBB
AAAAAAABBBBBBBBBBBBBBBBBB
AAAAAAABBBBBBBBBBBBBBBBBB
AAAAAAABBBBBBBBBBBBBBBBBB
AAAAAAABBBBBBBBBBBBBBBBBB
AAAAAAABBBBBBBBBBBBBBBBBB
AAAAAAABBBBBBBBBBBBBBBBBB
AAAAAAABBBBBBBBBBBBBBBBBB
CCCE???BBBBBBBBBBBBBBBBBB
CCCEDDDDDDDDDDDDDDDDDDDDD
CCCEDDDDDDDDDDDDDDDDDDDDD
CCCEDDDDDDDDDDDDDDDDDDDDD
CCCEDDDDDDDDDDDDDDDDDDDDD
CCCEDDDDDDDDDDDDDDDDDDDDD
CCCEDDDDDDDDDDDDDDDDDDDDD
CCCEDDDDDDDDDDDDDDDDDDDDD
CCCEDDDDDDDDDDDDDDDDDDDDD
CCCEDDDDDDDDDDDDDDDDDDDDD
CCCEDDDDDDDDDDDDDDDDDDDDD
CCCEDDDDDDDDDDDDDDDDDDDDD
CCCEDDDDDDDDDDDDDDDDDDDDD
CCCEDDDDDDDDDDDDDDDDDDDDD
CCCEDDDDDDDDDDDDDDDDDDDDD
CCCEDDDDDDDDDDDDDDDDDDDDD
CCCEDDDDDDDDDDDDDDDDDDDDD
Case #16:
LLLLLLLLLLLLLLLLLLLLLLLLL
LLLLLLLLLLLLLLLLLLLLLLLLL
LLLLLLLLLLLLLLLLLLLLLLLLL
LLLLLLLLLLLLLLLLLLLLLLLLL
LLLLLLLLLLLLLLLLLLLLLLLLL
LLLLLLLLLLLLLLLLLLLLLLLLL
LLLLLLLLLLLLLLLLLLLLLLLLL
LLLLLLLLLLLLLLLLLLLLLLLLL
LLLLLLLLLLLLLLLLLLLLLLLLL
LLLLLLLLLLLLLLLLLLLLLLLLL
LLLLLLLLLLLLLLLLLLLLLLLLL
LLLLLLLLLLLLLLLLLLLLLLLLL
LLLLLLLLLLLLLLLLLLLLLLLLL
LLLLLLLLLLLLLLLLLLLLLLLLL
UUUUUUUUUUUUGGGGGGGGGGGGG
UUUUUUUUUUUUGGGGGGGGGGGGG
NNNNNNNNNNNNDDBBBBBBBBBBB
RRRRRRRRRRXXDDFFFFYYYYYYY
RRRRRRRRRRXXDDFFFFYYYYYYY
RRRRRRRRRRXXQQFFFFYYYYYYY
CCCCCCCCCCXXQQFFFFYYYYYYY
CCCCCCCCCCWWEEEESSSMMMMMM
AAAAAAAAAAWWEEEEIOOMMMMMM
KKKKKKKZZZWWJJJVIOOHHHTTT
KKKKKKKZZZWWJJJPIOOHHHTTT
Case #17:
ABCDEFGHIJKLMNOPQRSTUVWXY
ABCDEFGHIJKLMNOPQRSTUVWXY
ABCDEFGHIJKLMNOPQRSTUVWXY
ABCDEFGHIJKLMNOPQRSTUVWXY
ABCDEFGHIJKLMNOPQRSTUVWXY
ABCDEFGHIJKLMNOPQRSTUVWXY
ABCDEFGHIJKLMNOPQRSTUVWXY
ABCDEFGHIJKLMNOPQRSTUVWXY
ABCDEFGHIJKLMNOPQRSTUVWXY
ABCDEFGHIJKLMNOPQRSTUVWXY
ABCDEFGHIJKLMNOPQRSTUVWXY
ABCDEFGHIJKLMNOPQRSTUVWXY
ABCDEFGHIJKLMNOPQRSTUVWXY
ABCDEFGHIJKLMNOPQRSTUVWXY
ABCDEFGHIJKLMNOPQRSTUVWXY
ABCDEFGHIJKLMNOPQRSTUVWXY
ABCDEFGHIJKLMNOPQRSTUVWXY
ABCDEFGHIJKLMNOPQRSTUVWXY
ABCDEFGHIJKLMNOPQRSTUVWXY
ABCDEFGHIJKLMNOPQRSTUVWXY
ABCDEFGHIJKLMNOPQRSTUVWXY
ABCDEFGHIJKLMNOPQRSTUVWXY
ABCDEFGHIJKLMNOPQRSTUVWXY
ABCDEFGHIJKLMNOPQRSTUVWXY
ABCDEFGHIJKLMNOPQRSTUVWXY
Case #18:
AAAAAACCEEEEEEEEEEEEEEEEE
AAAAAACCEEEEEEEEEEEEEEEEE
AAAAAACCEEEEEEEEEEEEEEEEE
AAAAAACCEEEEEEEEEEEEEEEEE
AAAAAACCEEEEEEEEEEEEEEEEE
AAAAAACCEEEEEEEEEEEEEEEEE
AAAAAACCEEEEEEEEEEEEEEEEE
AAAAAACCEEEEEEEEEEEEEEEEE
AAAAAACCEEEEEEEEEEEEEEEEE
BBBBBBBDEEEEEEEEEEEEEEEEE
BBBBBBBDEEEEEEEEEEEEEEEEE
BBBBBBBDEEEEEEEEEEEEEEEEE
BBBBBBBDEEEEEEEEEEEEEEEEE
BBBBBBBDEEEEEEEEEEEEEEEEE
BBBBBBBDEEEEEEEEEEEEEEEEE
BBBBBBBDEEEEEEEEEEEEEEEEE
BBBBBBBDFFFFFFFFFFFGGGGGG
BBBBBBBDHHHHHHHJ???GGGGGG
BBBBBBBDHHHHHHHJIIIIIIIII
BBBBBBBDHHHHHHHJIIIIIIIII
BBBBBBBDHHHHHHHJIIIIIIIII
BBBBBBBDHHHHHHHJIIIIIIIII
BBBBBBBDHHHHHHHJIIIIIIIII
BBBBBBBDHHHHHHHJIIIIIIIII
BBBBBBBDHHHHHHHJIIIIIIIII
Case #19:
XXXXXXXIIIIIIIIIIIIIIIIII
XXXXXXXIIIIIIIIIIIIIIIIII
XXXXXXXOOOOOOOOOJJJJJJJJJ
XXXXXXXOOOOOOOOOJJJJJJJJJ
ZZZZZZZOOOOOOOOOHHHYYYYYC
ZZZZZZZOOOOOOOOOHHHYYYYYC
ZZZZZZZRRRREAAAAHHHYYYYYC
ZZZZZZZRRRREAAAAHHHYYYYYC
ZZZZZZZRRRREAAAAHHHYYYYYC
ZZZZZZZRRRREAAAAHHHYYYYYC
ZZZZZZZRRRRMAAAAHHHYYYYYC
ZZZZZZZRRRRMAAAAHHHYYYYYC
ZZZZZZZRRRRMAAAAHHHYYYYYC
TTTTTTTRRRRMQQQQHHHPPPPPC
TTTTTTTRRRRDQQQQHHHPPPPPC
TTTTTTTRRRRDLLLLHHHPPPPPC
TTTTTTTRRRRDLLLLHHHPPPPPC
TTTTTTTRRRRNLLLLHHHPPPPPC
TTTTTTTRRRRNLLLLHHHPPPPPC
TTTTTTTRRRRNLLLLHHHPPPPPC
TTTTTTTWWWWNLLLLHHHPPPPPC
TTTTTTTWWWWNLLLLBBBPPPPPC
UUUKSSSSSSSNGGGGBBBPPPPPC
UUUKSSSSSSSNGGGGBBBVVVVVC
UUUKSSSSSSSNGGGGFFFVVVVVC
Case #20:
AAAAAAAAAAAAAAAAAAAAAAAAA
BBBBBBBBBBBBBBBBBBBBBBBBB
CCCCCCCCCCCCCCCCCCCCCCCCC
DDDDDDDDDDDDDDDDDDDDDDDDD
EEEEEEEEEEEEEEEEEEEEEEEEE
FFFFFFFFFFFFFFFFFFFFFFFFF
GGGGGGGGGGGGGGGGGGGGGGGGG
HHHHHHHHHHHHHHHHHHHHHHHHH
IIIIIIIIIIIIIIIIIIIIIIIII
JJJJJJJJJJJJJJJJJJJJJJJJJ
KKKKKKKKKKKKKKKKKKKKKKKKK
LLLLLLLLLLLLLLLLLLLLLLLLL
MMMMMMMMMMMMMMMMMMMMMMMMM
NNNNNNNNNNNNNNNNNNNNNNNNN
OOOOOOOOOOOOOOOOOOOOOOOOO
PPPPPPPPPPPPPPPPPPPPPPPPP
QQQQQQQQQQQQQQQQQQQQQQQQQ
RRRRRRRRRRRRRRRRRRRRRRRRR
SSSSSSSSSSSSSSSSSSSSSSSSS
TTTTTTTTTTTTTTTTTTTTTTTTT
UUUUUUUUUUUUUUUUUUUUUUUUU
VVVVVVVVVVVVVVVVVVVVVVVVV
WWWWWWWWWWWWWWWWWWWWWWWWW
XXXXXXXXXXXXXXXXXXXXXXXXX
YYYYYYYYYYYYYYYYYYYYYYYYY
Case #21:
AAAA
AAAA
AAAA
AAAA
Case #22:
A
Case #23:
ZZZZZZZZZZZZZZZZMMFCCLLNA
ZZZZZZZZZZZZZZZZMMEERBBNA
ZZZZZZZZZZZZZZZZGGGHRBBQA
ZZZZZZZZZZZZZZZZKKSHPYWVX
ZZZZZZZZZZZZZZZZKKTIPYWDX
ZZZZZZZZZZZZZZZZKKTOPYUDX
ZZZZZZZZZZZZZZZZKKTOPJUDX
ZZZZZZZZZZZZZZZZKKTOPJUDX
ZZZZZZZZZZZZZZZZKKTOPJUDX
ZZZZZZZZZZZZZZZZKKTOPJUDX
ZZZZZZZZZZZZZZZZKKTOPJUDX
ZZZZZZZZZZZZZZZZKKTOPJUDX
ZZZZZZZZZZZZZZZZKKTOPJUDX
ZZZZZZZZZZZZZZZZKKTOPJUDX
ZZZZZZZZZZZZZZZZKKTOPJUDX
ZZZZZZZZZZZZZZZZKKTOPJUDX
ZZZZZZZZZZZZZZZZKKTOPJUDX
ZZZZZZZZZZZZZZZZKKTOPJUDX
ZZZZZZZZZZZZZZZZKKTOPJUDX
ZZZZZZZZZZZZZZZZKKTOPJUDX
ZZZZZZZZZZZZZZZZKKTOPJUDX
ZZZZZZZZZZZZZZZZKKTOPJUDX
ZZZZZZZZZZZZZZZZKKTOPJUDX
ZZZZZZZZZZZZZZZZKKTOPJUDX
ZZZZZZZZZZZZZZZZKKTOPJUDX
Case #24:
AABBCCDDEEFFGGHHIIJJKKLLM
ZNNOOPPQQRRSSTTUUVVWWXXYM
ZNNOOPPQQRRSSTTUUVVWWXXYM
ZNNOOPPQQRRSSTTUUVVWWXXYM
ZNNOOPPQQRRSSTTUUVVWWXXYM
ZNNOOPPQQRRSSTTUUVVWWXXYM
ZNNOOPPQQRRSSTTUUVVWWXXYM
ZNNOOPPQQRRSSTTUUVVWWXXYM
ZNNOOPPQQRRSSTTUUVVWWXXYM
ZNNOOPPQQRRSSTTUUVVWWXXYM
ZNNOOPPQQRRSSTTUUVVWWXXYM
ZNNOOPPQQRRSSTTUUVVWWXXYM
ZNNOOPPQQRRSSTTUUVVWWXXYM
ZNNOOPPQQRRSSTTUUVVWWXXYM
ZNNOOPPQQRRSSTTUUVVWWXXYM
ZNNOOPPQQRRSSTTUUVVWWXXYM
ZNNOOPPQQRRSSTTUUVVWWXXYM
ZNNOOPPQQRRSSTTUUVVWWXXYM
ZNNOOPPQQRRSSTTUUVVWWXXYM
ZNNOOPPQQRRSSTTUUVVWWXXYM
ZNNOOPPQQRRSSTTUUVVWWXXYM
ZNNOOPPQQRRSSTTUUVVWWXXYM
ZNNOOPPQQRRSSTTUUVVWWXXYM
ZNNOOPPQQRRSSTTUUVVWWXXYM
ZNNOOPPQQRRSSTTUUVVWWXXYM
Case #25:
GNNNNNNNNNMMMMMMMMPPPPPPP
GNNNNNNNNNMMMMMMMMPPPPPPP
GNNNNNNNNNMMMMMMMMPPPPPPP
GNNNNNNNNNMMMMMMMMPPPPPPP
GNNNNNNNNNMMMMMMMMPPPPPPP
GNNNNNNNNNMMMMMMMMWWWWWWW
GXXXXHHHHHMMMMMMMMWWWWWWW
GXXXXHHHHHMMMMMMMMWWWWWWW
GXXXXHHHHHMMMMMMMMWWWWWWW
GKKKKHHHHHMMMMMMMMEELLLLL
GKKKKHHHHHMMMMMMMMEELLLLL
GKKKKRRRRRMMMMMMMMEEAAAAA
GKKKKRRRRRMMMMMMMMEEAAAAA
GUUUBRRRRRMMMMMMMMEEAAAAA
GUUUBRRRRRMMMMMMMMJJAAAAA
GUUUBRRRRRMMMMMMMMJJAAAAA
GUUUBOOOOOMMMMMMMMJJAAAAA
GUUUBOOOOOMMMMMMMMJJAAAAA
GUUUBOOOOOMMMMMMMMJJVVVVV
GUUUBOOOOO??CCIIIIJJVVVVV
GUUUBDDDQQQQCCIIIIJJVVVVV
GUUUBDDDQQQQCCIIIIJJSSSSS
GUUUBDDDQQQQTTIIIIYYSSSSS
GUUUBDDDQQQQTTFFFFYYSSSSS
Case #26:
AB
Case #27:
A
B
Case #28:
DAE
BIH
GFC
Case #29:
RRRRAAAAAAAAAAADDDLLLLLLL
RRRRAAAAAAAAAAADDDLLLLLLL
RRRRAAAAAAAAAAADDDNZZZZZZ
RRRRAAAAAAAAAAADDDNZZZZZZ
RRRRAAAAAAAAAAADDDNZZZZZZ
RRRRCCCCCCCCCYYDDDNZZZZZZ
RRRRCCCCCCCCCYYDDDNZZZZZZ
RRRRCCCCCCCCCYYDDDNZZZZZZ
RRRRCCCCCCCCCYYDDDNZZZZZZ
RRRRCCCCCCCCCYYMMMNZZZZZZ
RRRREEEEOOKKKYYMMMNBBGGGG
RRRREEEEOOKKKYYMMMNBBGGGG
RRRREEEEOOKKKYYMMMNBBGGGG
WWWWEEEEOOKKKYYMMMNBBGGGG
WWWWEEEEOOKKKPPMMMNBBGGGG
SSSSSSSXOOKKKPPMMMNBBJJJJ
SSSSSSSXOOKKKPPHHHNBBJJJJ
SSSSSSSXOOKKKPPHHHNBBJJJJ
SSSSSSSXOOKKKPPHHHNBBJJJJ
SSSSSSSXOOKKKPPHHHNBBIIII
SSSSSSSXOOKKKPPHHHNUUIIII
SSSSSSSXOOKKKPPHHHNTTIIII
SSSSSSSXQQKKKPPHHHNTTIIII
SSSSSSSXQQVVVPPHHHNTTIIII
SSSSSSSXQQVVVPPHHHNTTFFFF
Case #30:
AAAAA
AAAAA
AAAAA
AAAAA
AAAAA
BBBBB
BBBBB
Case #31:
KKKKKKKKKKKKKKKKKKKKKKKEE
JJJJJJILLLLLLWWWWCCCCCCEE
JJJJJJILLLLLLWWWWCCCCCCEE
JJJJJJILLLLLLZZZZCCCCCCEE
JJJJJJILLLLLLZZZZAAAAAAEE
JJJJJJILLLLLLZZZZAAAAAAEE
TTTTTTILLLLLLZZZZAAAAAAEE
TTTTTTILLLLLLZZZZUUUUUUEE
TTTTTTIBBBBBBZZZZUUUUUUEE
TTTTTTIBBBBBBZZZZUUUUUUEE
TTTTTTIBBBBBBZZZZNNNNNNEE
TTTTTTIBBBBBBZZZZNNNNNNEE
XXRRRRIBBBBBBZZZZNNNNNNEE
XXRRRRIBBBBBBZZZZNNNNNNEE
XXFFFFIBBBBBBZZZZNNNNNNHH
XXFFFFIBBBBBBZZZZNNNNNNHH
XXFFFFIBBBBBBZZZZPYYYYYHH
XXFFFFIBBBBBBZZZZPYYYYYHH
XXFFFFIBBBBBBZZZZPYYYYYHH
XXFFFFIQQQQQQZZZZPYYYYYHH
XXFFFFIQQQQQQZZZZPYYYYYHH
XXFFFFIQQQQQQOOOOPDDDGGHH
XXFFFFIQQQQQQMMSSPDDDGGHH
XXFFFFIQQQQQQMMSSPDDDGGVV
XXFFFFIQQQQQQMMSSPDDDGGVV
Case #32:
ABCDEFGHIJKLMNOPQRSTUVWXY
ABCDEFGHIJKLMNOPQRSTUVWXY
ABCDEFGHIJKLMNOPQRSTUVWXY
ABCDEFGHIJKLMNOPQRSTUVWXY
ABCDEFGHIJKLMNOPQRSTUVWXY
ABCDEFGHIJKLMNOPQRSTUVWXY
ABCDEFGHIJKLMNOPQRSTUVWXY
ABCDEFGHIJKLMNOPQRSTUVWXY
ABCDEFGHIJKLMNOPQRSTUVWXY
ABCDEFGHIJKLMNOPQRSTUVWXY
ABCDEFGHIJKLMNOPQRSTUVWXY
ABCDEFGHIJKLMNOPQRSTUVWXY
ABCDEFGHIJKLMNOPQRSTUVWXY
ABCDEFGHIJKLMNOPQRSTUVWXY
ABCDEFGHIJKLMNOPQRSTUVWXY
ABCDEFGHIJKLMNOPQRSTUVWXY
ABCDEFGHIJKLMNOPQRSTUVWXY
ABCDEFGHIJKLMNOPQRSTUVWXY
ABCDEFGHIJKLMNOPQRSTUVWXY
ABCDEFGHIJKLMNOPQRSTUVWXY
ABCDEFGHIJKLMNOPQRSTUVWXY
ABCDEFGHIJKLMNOPQRSTUVWXY
ABCDEFGHIJKLMNOPQRSTUVWXY
ABCDEFGHIJKLMNOPQRSTUVWXY
ABCDEFGHIJKLMNOPQRSTUVWXY
Case #33:
D
H
C
C
J
J
J
J
J
L
L
G
G
G
G
B
F
M
M
M
A
I
K
K
E
Case #34:
ABCDEFGHIJKLMNOPQRSTUVWXY
ABCDEFGHIJKLMNOPQRSTUVWXY
ABCDEFGHIJKLMNOPQRSTUVWXY
ABCDEFGHIJKLMNOPQRSTUVWXY
ABCDEFGHIJKLMNOPQRSTUVWXY
ABCDEFGHIJKLMNOPQRSTUVWXY
ABCDEFGHIJKLMNOPQRSTUVWXY
ABCDEFGHIJKLMNOPQRSTUVWXY
ABCDEFGHIJKLMNOPQRSTUVWXY
ABCDEFGHIJKLMNOPQRSTUVWXY
ABCDEFGHIJKLMNOPQRSTUVWXY
ABCDEFGHIJKLMNOPQRSTUVWXY
ABCDEFGHIJKLMNOPQRSTUVWXY
ABCDEFGHIJKLMNOPQRSTUVWXY
ABCDEFGHIJKLMNOPQRSTUVWXY
ABCDEFGHIJKLMNOPQRSTUVWXY
ABCDEFGHIJKLMNOPQRSTUVWXY
ABCDEFGHIJKLMNOPQRSTUVWXY
ABCDEFGHIJKLMNOPQRSTUVWXY
ABCDEFGHIJKLMNOPQRSTUVWXY
ABCDEFGHIJKLMNOPQRSTUVWXY
ABCDEFGHIJKLMNOPQRSTUVWXY
ABCDEFGHIJKLMNOPQRSTUVWXY
ABCDEFGHIJKLMNOPQRSTUVWXY
ABCDEFGHIJKLMNOPQRSTUVWXY
Case #35:
OOOOONNNNEEEEEEETTTTTTGGU
OOOOONNNNEEEEEEETTTTTTGGU
OOOOONNNNEEEEEEETTTTTTGGU
OOOOONNNNVVVVAZZZZZSSMGGU
OOOOONNNNVVVVAZZZZZSSMGGU
OOOOONNNNVVVVAZZZZZSSMBBU
OOOOONNNNVVVVAZZZZZSSMBBU
OOOOONNNNVVVVAZZZZZSSMBBU
OOOOONNNNJJFFPZZZZZSSMBBU
OOOOONNNNJJFFPKKKKKSSMBBY
OOOOONNNNJJFFPKKKKKSSMBBY
OOOOONNNNJJFFPKKKKKSSMBBY
IIIIINNNNJJFFPKKKKKSSMBBY
IIIIINNNNJJFFPKKKKKSSMBBY
IIIIINNNNJJFFPKKKKKSSMBBY
IIIIINNNNJJFFPKKKKKSSMBBY
IIIIINNNNJJFFPKKKKKDDMBBY
IIIIINNNNJJFFPKKKKKDDMXXY
IIIIINNNNJJFFPKKKKKDDMXXY
IIIIINNNNJJFFPKKKKKDDMXXY
HHHHHNNNNCCFFPKKKKKDDMXXY
HHHHHNNNNLLFFPKKKKKDDMXXY
HHHHHNNNNLLFFPRRRWWDDMXXY
HHHHHQQQQLLFFPRRRWWDDMXXY
HHHHHQQQQLLFFPRRRWWDDMXXY
Case #36:
AA
AA
Case #37:
HHHHHHHHHHHHYYYYYXXXDDDDD
HHHHHHHHHHHHYYYYYXXXDDDDD
HHHHHHHHHHHHYYYYYXXXDDDDD
HHHHHHHHHHHHYYYYYXXXDDDDD
HHHHHHHHHHHHYYYYYXXXDDDDD
HHHHHHHHHHHHYYYYYXXXDDDDD
HHHHHHHHHHHHYYYYYXXXDDDDD
HHHHHHHHHHHHLLLLLXXXDDDDD
BBAAAAAAAOOZLLLLLXXXDDDDD
BBAAAAAAAOOZLLLLLXXXDDDDD
BBAAAAAAAOOZCCCCCXXXGGGGG
BBAAAAAAAOOZCCCCCXXXGGGGG
BBAAAAAAAOOZCCCCCXXXEEEEE
BBAAAAAAAOOZCCCCCXXXEEEEE
BBAAAAAAAOOZFFFFFXXXEEEEE
RRNNNNNIIOOZFFFFFXXXEEEEE
RRNNNNNIIOOZFFFFFQQQKKKKK
RRNNNNNIIOOZFFFFFQQQKKKKK
RRPPJSSIIOOZFFFFFQQQKKKKK
RRPPJSSIIOOZFFFFFQQQVVVVV
RRPPJSSIIOOZFFFFFQQQVVVVV
RRPPJSSIIOOZFFFFFQQQVVVVV
RRPPJWWIIOOZFFFFFQQQVVVVV
RRPPJWWIIOOZMMMMUQQQVVVVV
RRPPJWWIITTZMMMMUQQQVVVVV
Case #38:
ACCEEEEEEEEEEEEEEEEEEEEEE
ACCEEEEEEEEEEEEEEEEEEEEEE
ACCEEEEEEEEEEEEEEEEEEEEEE
ACCEEEEEEEEEEEEEEEEEEEEEE
ACCEEEEEEEEEEEEEEEEEEEEEE
ACCEEEEEEEEEEEEEEEEEEEEEE
ACCEEEEEEEEEEEEEEEEEEEEEE
ACCEEEEEEEEEEEEEEEEEEEEEE
ACCEEEEEEEEEEEEEEEEEEEEEE
ACCEEEEEEEEEEEEEEEEEEEEEE
BBDEEEEEEEEEEEEEEEEEEEEEE
BBDEEEEEEEEEEEEEEEEEEEEEE
BBDEEEEEEEEEEEEEEEEEEEEEE
BBDEEEEEEEEEEEEEEEEEEEEEE
BBDEEEEEEEEEEEEEEEEEEEEEE
BBDEEEEEEEEEEEEEEEEEEEEEE
BBDEEEEEEEEEEEEEEEEEEEEEE
BBDEEEEEEEEEEEEEEEEEEEEEE
BBDEEEEEEEEEEEEEEEEEEEEEE
BBDEEEEEEEEEEEEEEEEEEEEEE
BBDEEEEEEEEEEEEEEEEEEEEEE
BBDEEEEEEEEEEEEEEEEEEEEEE
BBDEEEEEEEEEEEEEEEEEEEEEE
BBDEEEEEEEEEEEEEEEEEEEEEE
BBDEEEEEEEEEEEEEEEEEEEEEE
Case #39:
JJJKGOODDDDBBBVZNHCCESSUU
WWXKAOOQFTTLLLVZNMPRESSYI
Case #40:
OOOOOOOOOOOOOOOOOOOOOYYAA
OOOOOOOOOOOOOOOOOOOOOYYAA
OOOOOOOOOOOOOOOOOOOOOYYAA
OOOOOOOOOOOOOOOOOOOOOYYAA
OOOOOOOOOOOOOOOOOOOOOYYAA
OOOOOOOOOOOOOOOOOOOOOYYAA
OOOOOOOOOOOOOOOOOOOOOYYAA
RRRRRRRRRRRRRRRRRRRRVYYPP
RRRRRRRRRRRRRRRRRRRRVYYPP
NNNNNNNNNNNNNNIIIIIXXYYGG
NNNNNNNNNNNNNNIIIIIKEYYGG
NNNNNNNNNNNNNNIIIIIKEYYMM
JJJJJJJJJJJJJJIIIIIKEFFMM
JJJJJJJJJJJJJJIIIIIKEWLQQ
JJJJJJJJJJJJJJIIIIITEWLQQ
JJJJJJJJJJJJJJHHHHHTEWDQQ
JJJJJJJJJJJJJJHHHHHTSWCQQ
JJJJJJJJJJJJJJUUUUUTSWCQQ
JJJJJJJJJJJJJJUUUUUTSWCQQ
JJJJJJJJJJJJJJUUUUUTSWBZZ
JJJJJJJJJJJJJJUUUUUTSWBZZ
JJJJJJJJJJJJJJUUUUUTSWBZZ
JJJJJJJJJJJJJJUUUUUTSWBZZ
JJJJJJJJJJJJJJUUUUUTSWBZZ
JJJJJJJJJJJJJJUUUUUTSWBZZ
Case #41:
IIIIIIIIIIIIIIIWWWWWWWWWW
IIIIIIIIIIIIIIIWWWWWWWWWW
IIIIIIIIIIIIIIIWWWWWWWWWW
IIIIIIIIIIIIIIIWWWWWWWWWW
IIIIIIIIIIIIIIIHHHHHHHHHH
IIIIIIIIIIIIIIICCCCDDOOOO
IIIIIIIIIIIIIIICCCCDDOOOO
SSSSMMMMM??????CCCCDDOOOO
SSSSMMMMM??????CCCCDDOOOO
SSSSMMMMMLLLLLLLLLLDDOOOO
SSSSMMMMMVVVVVVAAAADDOOOO
SSSSYYYYYVVVVVVAAAADDOOOO
SSSSYYYYYVVVVVVFFFFDDOOOO
SSSSQQQKKVVVVVVFFFFDDOOOO
SSSSQQQKKVVVVVVFFFFDDOOOO
SSSSQQQKKNNNNNNNXXXXZOOOO
SSSSQQQKKNNNNNNNXXXXZOOOO
SSSSQQQKKNNNNNNNXXXXZOOOO
SSSSQQQKKPPPPPUUXXXXZOOOO
SSSSQQQKKPPPPPUUXXXXZOOOO
SSSSQQQKKPPPPPUUJJJBZOOOO
SSSSQQQKKPPPPPUUJJJBZOOOO
SSSSQQQKKPPPPPUUTTTBZOOOO
SSSSQQQKKPPPPPUUTTTBZRRGG
SSSSQQQKKEEEEEUUTTTBZRRGG
Case #42:
AAAAAAAAAAAAAAAAAAAAAAAAA
AAAAAAAAAAAAAAAAAAAAAAAAA
AAAAAAAAAAAAAAAAAAAAAAAAA
AAAAAAAAAAAAAAAAAAAAAAAAA
AAAAAAAAAAAAAAAAAAAAAAAAA
AAAAAAAAAAAAAAAAAAAAAAAAA
AAAAAAAAAAAAAAAAAAAAAAAAA
AAAAAAAAAAAAAAAAAAAAAAAAA
AAAAAAAAAAAAAAAAAAAAAAAAA
AAAAAAAAAAAAAAAAAAAAAAAAA
AAAAAAAAAAAAAAAAAAAAAAAAA
AAAAAAAAAAAAAAAAAAAAAAAAA
AAAAAAAAAAAAAAAAAAAAAAAAA
AAAAAAAAAAAAAAAAAAAAAAAAA
AAAAAAAAAAAAAAAAAAAAAAAAA
AAAAAAAAAAAAAAAAAAAAAAAAA
AAAAAAAAAAAAAAAAAAAAAAAAA
AAAAAAAAAAAAAAAAAAAAAAAAA
AAAAAAAAAAAAAAAAAAAAAAAAA
AAAAAAAAAAAAAAAAAAAAAAAAA
AAAAAAAAAAAAAAAAAAAAAAAAA
AAAAAAAAAAAAAAAAAAAAAAAAA
AAAAAAAAAAAAAAAAAAAAAAAAA
AAAAAAAAAAAAAAAAAAAAAAAAA
AAAAAAAAAAAAAAAAAAAAAAAAA
Case #43:
AAAAAAAAAAAAAAAAAACCEEEEE
AAAAAAAAAAAAAAAAAACCEEEEE
AAAAAAAAAAAAAAAAAACCEEEEE
AAAAAAAAAAAAAAAAAACCEEEEE
AAAAAAAAAAAAAAAAAACCEEEEE
AAAAAAAAAAAAAAAAAACCEEEEE
AAAAAAAAAAAAAAAAAACCEEEEE
AAAAAAAAAAAAAAAAAACCEEEEE
AAAAAAAAAAAAAAAAAACCEEEEE
AAAAAAAAAAAAAAAAAACCEEEEE
AAAAAAAAAAAAAAAAAACCEEEEE
AAAAAAAAAAAAAAAAAACCEEEEE
AAAAAAAAAAAAAAAAAACCEEEEE
AAAAAAAAAAAAAAAAAACCEEEEE
AAAAAAAAAAAAAAAAAACCEEEEE
AAAAAAAAAAAAAAAAAACCEEEEE
AAAAAAAAAAAAAAAAAACCEEEEE
AAAAAAAAAAAAAAAAAACCEEEEE
AAAAAAAAAAAAAAAAAACCEEEEE
AAAAAAAAAAAAAAAAAACCEEEEE
AAAAAAAAAAAAAAAAAACCEEEEE
AAAAAAAAAAAAAAAAAACCEEEEE
BBBBBBBBBBBBBBBBBBBDEEEEE
BBBBBBBBBBBBBBBBBBBDEEEEE
BBBBBBBBBBBBBBBBBBBDEEEEE
Case #44:
ABCDEFGHIJKLMNOPQRSTUVWXY
ABCDEFGHIJKLMNOPQRSTUVWXY
ABCDEFGHIJKLMNOPQRSTUVWXY
ABCDEFGHIJKLMNOPQRSTUVWXY
ABCDEFGHIJKLMNOPQRSTUVWXY
ABCDEFGHIJKLMNOPQRSTUVWXY
ABCDEFGHIJKLMNOPQRSTUVWXY
ABCDEFGHIJKLMNOPQRSTUVWXY
ABCDEFGHIJKLMNOPQRSTUVWXY
ABCDEFGHIJKLMNOPQRSTUVWXY
ABCDEFGHIJKLMNOPQRSTUVWXY
ABCDEFGHIJKLMNOPQRSTUVWXY
ABCDEFGHIJKLMNOPQRSTUVWXY
ABCDEFGHIJKLMNOPQRSTUVWXY
ABCDEFGHIJKLMNOPQRSTUVWXY
ABCDEFGHIJKLMNOPQRSTUVWXY
ABCDEFGHIJKLMNOPQRSTUVWXY
ABCDEFGHIJKLMNOPQRSTUVWXY
ABCDEFGHIJKLMNOPQRSTUVWXY
ABCDEFGHIJKLMNOPQRSTUVWXY
ABCDEFGHIJKLMNOPQRSTUVWXY
ABCDEFGHIJKLMNOPQRSTUVWXY
ABCDEFGHIJKLMNOPQRSTUVWXY
ABCDEFGHIJKLMNOPQRSTUVWXY
ABCDEFGHIJKLMNOPQRSTUVWXY
Case #45:
HCMMMBDLFJEKIAAAAAAAAAGGG
Case #46:
AAAAAAAAAAAAAAAAAAAAAAAAA
BBBBBBBBBBBBBBBBBBBBBBBBB
CCCCCCCCCCCCCCCCCCCCCCCCC
DDDDDDDDDDDDDDDDDDDDDDDDD
EEEEEEEEEEEEEEEEEEEEEEEEE
FFFFFFFFFFFFFFFFFFFFFFFFF
GGGGGGGGGGGGGGGGGGGGGGGGG
HHHHHHHHHHHHHHHHHHHHHHHHH
IIIIIIIIIIIIIIIIIIIIIIIII
JJJJJJJJJJJJJJJJJJJJJJJJJ
KKKKKKKKKKKKKKKKKKKKKKKKK
LLLLLLLLLLLLLLLLLLLLLLLLL
MMMMMMMMMMMMMMMMMMMMMMMMM
NNNNNNNNNNNNNNNNNNNNNNNNN
OOOOOOOOOOOOOOOOOOOOOOOOO
PPPPPPPPPPPPPPPPPPPPPPPPP
QQQQQQQQQQQQQQQQQQQQQQQQQ
RRRRRRRRRRRRRRRRRRRRRRRRR
SSSSSSSSSSSSSSSSSSSSSSSSS
TTTTTTTTTTTTTTTTTTTTTTTTT
UUUUUUUUUUUUUUUUUUUUUUUUU
VVVVVVVVVVVVVVVVVVVVVVVVV
WWWWWWWWWWWWWWWWWWWWWWWWW
XXXXXXXXXXXXXXXXXXXXXXXXX
YYYYYYYYYYYYYYYYYYYYYYYYY
Case #47:
VVVVVVVVVVVVNNNNNNNNNNNNN
VVVVVVVVVVVVZZZZZZZZZZZZZ
MMMMMMMMMMMMLLLGCCCCCCCCC
EEEEEEEHJJRRLLLGCCCCCCCCC
EEEEEEEHJJQQLLLGCCCCCCCCC
EEEEEEEHJJQQDDDGYYYYYYYYY
EEEEEEEHBIQQDDDGYYYYYYYYY
EEEEEEEHBIQQDDDGAAWWWWWWW
EEEEEEEHBIFFFXXOSSWWWWWWW
EEEEEEEHBIFFFXXOSSWWWWWWW
EEEEEEEHBIFFFKTUSSWWWWWWW
EEEEEEEHBIFFFKTUSSWWWWWWW
EEEEEEEHBIFFFKPUSSWWWWWWW
EEEEEEEHBIFFFKPUSSWWWWWWW
EEEEEEEHBIFFFKPUSSWWWWWWW
EEEEEEEHBIFFFKPUSSWWWWWWW
EEEEEEEHBIFFFKPUSSWWWWWWW
EEEEEEEHBIFFFKPUSSWWWWWWW
EEEEEEEHBIFFFKPUSSWWWWWWW
EEEEEEEHBIFFFKPUSSWWWWWWW
EEEEEEEHBIFFFKPUSSWWWWWWW
EEEEEEEHBIFFFKPUSSWWWWWWW
EEEEEEEHBIFFFKPUSSWWWWWWW
EEEEEEEHBIFFFKPUSSWWWWWWW
EEEEEEEHBIFFFKPUSSWWWWWWW
Case #48:
PPPPPPPPPPPPPPPOOOOOOOOOO
PPPPPPPPPPPPPPPOOOOOOOOOO
YYYYYYYYYYYYYTTOOOOOOOOOO
YYYYYYYYYYYYYTTWWWWWWEEEE
UUUUUUUUUUUUZTTWWWWWWEEEE
UUUUUUUUUUUUZTTWWWWWWEEEE
CCCCCBMMMMMMZTTWWWWWWEEEE
CCCCCBMMMMMMZTTWWWWWWEEEE
CCCCCBMMMMMMZTTWWWWWWDDDD
CCCCCBMMMMMMZSSWWWWWWDDDD
HHHRRBMMMMMMZSSWWWWWWDDDD
HHHRRBMMMMMMZSSNKKKKKDDDD
HHHRRBMMMMMMZAANKKKKKDDDD
HHHRRBMMMMMMZAANKKKKKDDDD
HHHRRBMMMMMMZAAXKKKKKDDDD
HHHRRBMMMMMMZAAXKKKKKDDDD
HHHRRBMMMMMMZAAXKKKKKDDDD
HHHRRBMMMMMMZAAXKKKKKDDDD
HHHRRLLLLLLJZAAXKKKKKDDDD
HHHRRLLLLLLJZQQXKKKKKDDDD
HHHRRLLLLLLJZQQXKKKKKDDDD
HHHFFLLLLLLJZQQXKKKKKDDDD
HHHGGGGGGVVJZQQXKKKKKDDDD
HHHGGGGGGVVJZQQXKKKKKIIII
HHHGGGGGGVVJZQQXKKKKKIIII
Case #49:
JJJJJJJJJJJJJJJJJJKKKIIIM
ZZZZZZZZZZZZZZZAAAKKKIIIM
ZZZZZZZZZZZZZZZAAAKKKIIIM
EEEEEEEEEEEEEXXXXXKKKIIIM
EEEEEEEEEEEEEBGGPPQQUIIIM
EEEEEEEEEEEEECOLPPFFUIIIM
EEEEEEEEEEEEECOHPPFFUYYYM
TTTTTTTTTTTTTCOHPPFFUDDDM
TTTTTTTTTTTTTCOHRRWWUDDDM
TTTTTTTTTTTTTCOHRRVVNDDDM
TTTTTTTTTTTTTCOHRRVVNDDDM
TTTTTTTTTTTTTCOHRRVVNDDDM
TTTTTTTTTTTTTCOHSSVVNDDDM
TTTTTTTTTTTTTCOHSSVVNDDDM
TTTTTTTTTTTTTCOHSSVVNDDDM
TTTTTTTTTTTTTCOHSSVVNDDDM
TTTTTTTTTTTTTCOHSSVVNDDDM
TTTTTTTTTTTTTCOHSSVVNDDDM
TTTTTTTTTTTTTCOHSSVVNDDDM
TTTTTTTTTTTTTCOHSSVVNDDDM
TTTTTTTTTTTTTCOHSSVVNDDDM
TTTTTTTTTTTTTCOHSSVVNDDDM
TTTTTTTTTTTTTCOHSSVVNDDDM
TTTTTTTTTTTTTCOHSSVVNDDDM
TTTTTTTTTTTTTCOHSSVVNDDDM
Case #50:
IIIIIIIIIIIIIIIIIIYYNKMWW
PPPPPPPPPPPPPPPPPPYYFJOOC
PPPPPPPPPPPPPPPPPPQQGEEDC
PPPPPPPPPPPPPPPPPPUZGEEDC
PPPPPPPPPPPPPPPPPPUZGLXDC
PPPPPPPPPPPPPPPPPPUZGLXRT
PPPPPPPPPPPPPPPPPPUZGSXRB
PPPPPPPPPPPPPPPPPPUZGSAHB
PPPPPPPPPPPPPPPPPPUZGSAVB
PPPPPPPPPPPPPPPPPPUZGSAVB
PPPPPPPPPPPPPPPPPPUZGSAVB
PPPPPPPPPPPPPPPPPPUZGSAVB
PPPPPPPPPPPPPPPPPPUZGSAVB
PPPPPPPPPPPPPPPPPPUZGSAVB
PPPPPPPPPPPPPPPPPPUZGSAVB
PPPPPPPPPPPPPPPPPPUZGSAVB
PPPPPPPPPPPPPPPPPPUZGSAVB
PPPPPPPPPPPPPPPPPPUZGSAVB
PPPPPPPPPPPPPPPPPPUZGSAVB
PPPPPPPPPPPPPPPPPPUZGSAVB
PPPPPPPPPPPPPPPPPPUZGSAVB
PPPPPPPPPPPPPPPPPPUZGSAVB
PPPPPPPPPPPPPPPPPPUZGSAVB
PPPPPPPPPPPPPPPPPPUZGSAVB
PPPPPPPPPPPPPPPPPPUZGSAVB
Case #51:
AAAAACCEEEEEEEEEEEEEEEEEE
AAAAACCEEEEEEEEEEEEEEEEEE
AAAAACCEEEEEEEEEEEEEEEEEE
AAAAACCEEEEEEEEEEEEEEEEEE
AAAAACCEEEEEEEEEEEEEEEEEE
AAAAACCEEEEEEEEEEEEEEEEEE
BBBBBBDEEEEEEEEEEEEEEEEEE
BBBBBBDEEEEEEEEEEEEEEEEEE
BBBBBBDEEEEEEEEEEEEEEEEEE
BBBBBBDEEEEEEEEEEEEEEEEEE
BBBBBBDEEEEEEEEEEEEEEEEEE
BBBBBBDEEEEEEEEEEEEEEEEEE
BBBBBBDEEEEEEEEEEEEEEEEEE
BBBBBBDFFFFFFFFFFFFGGGGGG
BBBBBBDHHHHHHHHJ???GGGGGG
BBBBBBDHHHHHHHHJIIIIIIIII
BBBBBBDHHHHHHHHJIIIIIIIII
BBBBBBDHHHHHHHHJIIIIIIIII
BBBBBBDHHHHHHHHJIIIIIIIII
BBBBBBDHHHHHHHHJIIIIIIIII
BBBBBBDHHHHHHHHJIIIIIIIII
BBBBBBDHHHHHHHHJIIIIIIIII
BBBBBBDHHHHHHHHJIIIIIIIII
BBBBBBDHHHHHHHHJIIIIIIIII
BBBBBBDHHHHHHHHJIIIIIIIII
Case #52:
AAAAAACCEEEEEEEEEEEEEEEEE
AAAAAACCEEEEEEEEEEEEEEEEE
AAAAAACCEEEEEEEEEEEEEEEEE
AAAAAACCEEEEEEEEEEEEEEEEE
AAAAAACCEEEEEEEEEEEEEEEEE
AAAAAACCEEEEEEEEEEEEEEEEE
AAAAAACCEEEEEEEEEEEEEEEEE
AAAAAACCEEEEEEEEEEEEEEEEE
BBBBBBBDEEEEEEEEEEEEEEEEE
BBBBBBBDEEEEEEEEEEEEEEEEE
BBBBBBBDEEEEEEEEEEEEEEEEE
BBBBBBBDEEEEEEEEEEEEEEEEE
BBBBBBBDEEEEEEEEEEEEEEEEE
BBBBBBBDFFFFFFFFFFFFFGGGG
BBBBBBBDHHHHHHHHHJ???GGGG
BBBBBBBDHHHHHHHHHJIIIIIII
BBBBBBBDHHHHHHHHHJIIIIIII
BBBBBBBDHHHHHHHHHJIIIIIII
BBBBBBBDHHHHHHHHHJIIIIIII
BBBBBBBDHHHHHHHHHJIIIIIII
BBBBBBBDHHHHHHHHHJIIIIIII
BBBBBBBDHHHHHHHHHJIIIIIII
BBBBBBBDHHHHHHHHHJIIIIIII
BBBBBBBDHHHHHHHHHJIIIIIII
BBBBBBBDHHHHHHHHHJIIIIIII
Case #53:
WWWWWAAAAAAAAAAAAAAAAAAEE
WWWWWAAAAAAAAAAAAAAAAAAEE
WWWWWAAAAAAAAAAAAAAAAAAEE
WWWWWAAAAAAAAAAAAAAAAAAEE
WWWWWNNNNNNNKKKKVVVVVVVEE
WWWWWNNNNNNNKKKKVVVVVVVEE
WWWWWNNNNNNNKKKKVVVVVVVEE
WWWWWNNNNNNNKKKKVVVVVVVEE
SSSSSSSSHHGGKKKKVVVVVVVEE
SSSSSSSSHHGGKKKKVVVVVVVEE
SSSSSSSSHHGGIIIIVVVVVVVEE
SSSSSSSSHHYYIIIIDDDDBBBEE
SSSSSSSSHHYYIIIIDDDDBBBEE
SSSSSSSSHHYYIIIIDDDDBBBEE
SSSSSSSSHHYYIIIIDDDDFFFEE
TTTTTTTTHHYYIIIIDDDDFFFEE
TTTTTTTTHHYYIIIIDDDDFFFEE
TTTTTTTTHHYYIIIIDDDDFFFEE
TTTTTTTTHHYYLLLLZPPPFFFOO
TTTTTTTTHHYYLLLLZPPPJJJOO
TTTTTTTTHHYYRMMMZPPPJJJOO
TTTTTTTTHHXXRMMMZQQQJJJOO
TTTTTTTTHHCCRMMMZQQQJJJUU
TTTTTTTTHHCCRMMMZQQQJJJUU
TTTTTTTTHHCCRMMMZQQQJJJUU
Case #54:
NNNNNNNJJJJJJJJJJFZZZZZZZ
NNNNNNNJJJJJJJJJJFZZZZZZZ
NNNNNNNJJJJJJJJJJFZZZZZZZ
NNNNNNNJJJJJJJJJJFZZZZZZZ
NNNNNNNJJJJJJJJJJFZZZZZZZ
NNNNNNNJJJJJJJJJJFZZZZZZZ
NNNNNNNJJJJJJJJJJFZZZZZZZ
NNNNNNNPPPPPPDDDDFZZZZZZZ
NNNNNNNPPPPPPDDDDFZZZZZZZ
NNNNNNNPPPPPPDDDDFZZZZZZZ
XXXXXXXPPPPPPDDDDFYYYYYBB
XXXXXXXPPPPPPKKKKFYYYYYBB
QQQQQQLPPPPPPKKKKFYYYYYBB
QQQQQQLPPPPPPKKKKFIIIIIBB
QQQQQQLPPPPPPKKKKFVVVVVBB
QQQQQQLRRRRRWKKKKFVVVVVBB
QQQQQQLRRRRRWKKKKCVVVVVBB
QQQQQQLRRRRRWKKKKCAAAAABB
QQQQQQLRRRRRWKKKKCAAAAAUU
OOOOOOLRRRRRWKKKKCAAAAAUU
OOOOOOLRRRRRWKKKKCAAAAAUU
OOOOOOLRRRRREKKKKCAAAAAUU
OOOOOOLRRRRREKKKKCAAAAAUU
TTMMGGLRRRRREHHSSCAAAAAUU
TTMMGGLRRRRREHHSSCAAAAAUU
Case #55:
ABCDEFGHIJKLMNOPQRSTUVWXY
ABCDEFGHIJKLMNOPQRSTUVWXY
ABCDEFGHIJKLMNOPQRSTUVWXY
ABCDEFGHIJKLMNOPQRSTUVWXY
ABCDEFGHIJKLMNOPQRSTUVWXY
ABCDEFGHIJKLMNOPQRSTUVWXY
ABCDEFGHIJKLMNOPQRSTUVWXY
ABCDEFGHIJKLMNOPQRSTUVWXY
ABCDEFGHIJKLMNOPQRSTUVWXY
ABCDEFGHIJKLMNOPQRSTUVWXY
ABCDEFGHIJKLMNOPQRSTUVWXY
ABCDEFGHIJKLMNOPQRSTUVWXY
ABCDEFGHIJKLMNOPQRSTUVWXY
ABCDEFGHIJKLMNOPQRSTUVWXY
ABCDEFGHIJKLMNOPQRSTUVWXY
ABCDEFGHIJKLMNOPQRSTUVWXY
ABCDEFGHIJKLMNOPQRSTUVWXY
ABCDEFGHIJKLMNOPQRSTUVWXY
ABCDEFGHIJKLMNOPQRSTUVWXY
ABCDEFGHIJKLMNOPQRSTUVWXY
ABCDEFGHIJKLMNOPQRSTUVWXY
ABCDEFGHIJKLMNOPQRSTUVWXY
ABCDEFGHIJKLMNOPQRSTUVWXY
ABCDEFGHIJKLMNOPQRSTUVWXY
ABCDEFGHIJKLMNOPQRSTUVWXY
Case #56:
AAAAAA
DCCCCC
BCCCCC
BCCCCC
BCCCCC
BCCCCC
Case #57:
AAAAAAAABBBBBBBBBBBBBBBBB
AAAAAAAABBBBBBBBBBBBBBBBB
AAAAAAAABBBBBBBBBBBBBBBBB
AAAAAAAABBBBBBBBBBBBBBBBB
AAAAAAAABBBBBBBBBBBBBBBBB
AAAAAAAABBBBBBBBBBBBBBBBB
AAAAAAAABBBBBBBBBBBBBBBBB
AAAAAAAABBBBBBBBBBBBBBBBB
AAAAAAAABBBBBBBBBBBBBBBBB
CCCCE???BBBBBBBBBBBBBBBBB
CCCCEDDDDDDDDDDDDDDDDDDDD
CCCCEDDDDDDDDDDDDDDDDDDDD
CCCCEDDDDDDDDDDDDDDDDDDDD
CCCCEDDDDDDDDDDDDDDDDDDDD
CCCCEDDDDDDDDDDDDDDDDDDDD
CCCCEDDDDDDDDDDDDDDDDDDDD
CCCCEDDDDDDDDDDDDDDDDDDDD
CCCCEDDDDDDDDDDDDDDDDDDDD
CCCCEDDDDDDDDDDDDDDDDDDDD
CCCCEDDDDDDDDDDDDDDDDDDDD
CCCCEDDDDDDDDDDDDDDDDDDDD
CCCCEDDDDDDDDDDDDDDDDDDDD
CCCCEDDDDDDDDDDDDDDDDDDDD
CCCCEDDDDDDDDDDDDDDDDDDDD
CCCCEDDDDDDDDDDDDDDDDDDDD
Case #58:
AAAAAAAAAAAAAAAAAAACCEEEE
AAAAAAAAAAAAAAAAAAACCEEEE
AAAAAAAAAAAAAAAAAAACCEEEE
AAAAAAAAAAAAAAAAAAACCEEEE
AAAAAAAAAAAAAAAAAAACCEEEE
AAAAAAAAAAAAAAAAAAACCEEEE
AAAAAAAAAAAAAAAAAAACCEEEE
AAAAAAAAAAAAAAAAAAACCEEEE
AAAAAAAAAAAAAAAAAAACCEEEE
AAAAAAAAAAAAAAAAAAACCEEEE
AAAAAAAAAAAAAAAAAAACCEEEE
AAAAAAAAAAAAAAAAAAACCEEEE
AAAAAAAAAAAAAAAAAAACCEEEE
AAAAAAAAAAAAAAAAAAACCEEEE
AAAAAAAAAAAAAAAAAAACCEEEE
AAAAAAAAAAAAAAAAAAACCEEEE
AAAAAAAAAAAAAAAAAAACCEEEE
AAAAAAAAAAAAAAAAAAACCEEEE
BBBBBBBBBBBBBBBBBBBBDEEEE
BBBBBBBBBBBBBBBBBBBBDEEEE
BBBBBBBBBBBBBBBBBBBBDEEEE
BBBBBBBBBBBBBBBBBBBBDEEEE
BBBBBBBBBBBBBBBBBBBBDEEEE
BBBBBBBBBBBBBBBBBBBBDEEEE
BBBBBBBBBBBBBBBBBBBBDEEEE
Case #59:
AAAAACCEEEEEEEEEEEFFFFFGG
AAAAACCEEEEEEEEEEEFFFFFGG
AAAAACCEEEEEEEEEEEFFFFFGG
AAAAACCEEEEEEEEEEEFFFFFGG
AAAAACCEEEEEEEEEEEFFFFFGG
AAAAACCEEEEEEEEEEEFFFFFGG
AAAAACCEEEEEEEEEEEFFFFFGG
AAAAACCEEEEEEEEEEEFFFFFGG
AAAAACCEEEEEEEEEEEFFFFFGG
AAAAACCEEEEEEEEEEEFFFFFGG
AAAAACCEEEEEEEEEEEFFFFFGG
BBBBBBDEEEEEEEEEEEFFFFFGG
BBBBBBDEEEEEEEEEEEFFFFFGG
BBBBBBDEEEEEEEEEEEFFFFFGG
BBBBBBDEEEEEEEEEEEFFFFFGG
BBBBBBDEEEEEEEEEEEFFFFFGG
BBBBBBDEEEEEEEEEEEHHHHHGG
BBBBBBDEEEEEEEEEEEHHHHHII
BBBBBBDEEEEEEEEEEEJJJJJII
BBBBBBDEEEEEEEEEEEJJJJJII
BBBBBBDEEEEEEEEEEEJJJJJII
BBBBBBDEEEEEEEEEEEJJJJJII
BBBBBBDEEEEEEEEEEEJJJJJII
BBBBBBDEEEEEEEEEEEJJJJJII
BBBBBBDEEEEEEEEEEEJJJJJII
Case #60:
GGXXXXXXXXXXXXXFDDDDDDDD
GGXXXXXXXXXXXXXFDDDDDDDD
GGXXXXXXXXXXXXXFDDDDDDDD
GGXXXXXXXXXXXXXFDDDDDDDD
GGXXXXXXXXXXXXXFAAAAAAAA
GGXXXXXXXXXXXXXFAAAAAAAA
GGXXXXXXXXXXXXXFOOOOOOCC
GGXXXXXXXXXXXXXFOOOOOOCC
WWWWWWKKKKKKLLLFQQQQQUCC
WWWWWWKKKKKKLLLFQQQQQUCC
HHHHHHKKKKKKLLLFBBBBBUCC
HHHHHHKKKKKKLLLFBBBBBUCC
HHHHHHKKKKKKLLLFMMMMTUCC
HHHHHHKKKKKKLLLFMMMMTUCC
HHHHHHVVVVVVLLLFMMMMTUCC
HHHHHHVVVVVVLLLFMMMMTPCC
HHHHHHVVVVVVIIIFMMMMTPCC
HHHHHHVVVVVVIIIFMMMMTPCC
HHHHHHVVVVVVRRRFMMMMTPCC
HHHHHHVVVVVVRRRFMMMMTPCC
YYYYYSVVVVVVRRRFMMMMJPCC
YYYYYSVVVVVVRRRFMMMMJPCC
YYYYYSVVVVVVRRRFMMMMJPCC
YYYYYSVVVVVVRRRFMMMMJPNN
EEEEESVVVVVVRRRFMMMMJPNN
Case #61:
AAAAAAAAAAAAAAAAAAAAAAAAA
BBBBBBBBBBBBBBBBBBBBBBBBB
CCCCCCCCCCCCCCCCCCCCCCCCC
DDDDDDDDDDDDDDDDDDDDDDDDD
EEEEEEEEEEEEEEEEEEEEEEEEE
FFFFFFFFFFFFFFFFFFFFFFFFF
GGGGGGGGGGGGGGGGGGGGGGGGG
HHHHHHHHHHHHHHHHHHHHHHHHH
IIIIIIIIIIIIIIIIIIIIIIIII
JJJJJJJJJJJJJJJJJJJJJJJJJ
KKKKKKKKKKKKKKKKKKKKKKKKK
LLLLLLLLLLLLLLLLLLLLLLLLL
MMMMMMMMMMMMMMMMMMMMMMMMM
NNNNNNNNNNNNNNNNNNNNNNNNN
OOOOOOOOOOOOOOOOOOOOOOOOO
PPPPPPPPPPPPPPPPPPPPPPPPP
QQQQQQQQQQQQQQQQQQQQQQQQQ
RRRRRRRRRRRRRRRRRRRRRRRRR
SSSSSSSSSSSSSSSSSSSSSSSSS
TTTTTTTTTTTTTTTTTTTTTTTTT
UUUUUUUUUUUUUUUUUUUUUUUUU
VVVVVVVVVVVVVVVVVVVVVVVVV
WWWWWWWWWWWWWWWWWWWWWWWWW
XXXXXXXXXXXXXXXXXXXXXXXXX
YYYYYYYYYYYYYYYYYYYYYYYYY
Case #62:
NNNNNNNNNNNHHHHHHHHHEEEEE
NNNNNNNNNNNHHHHHHHHHEEEEE
NNNNNNNNNNNHHHHHHHHHEEEEE
DDDDDDDYYYYHHHHHHHHHZZZZZ
DDDDDDDYYYYJJJJJJJJJZZZZZ
DDDDDDDYYYYJJJJJJJJJZZZZZ
DDDDDDDMMMMJJJJJJJJJZZZZZ
DDDDDDDMMMMJJJJJJJJJZZZZZ
DDDDDDDMMMMPPFFFFFFFCCVVV
DDDDDDDMMMMPPFFFFFFFCCVVV
DDDDDDDMMMMPPFFFFFFFCCVVV
DDDDDDDMMMMPPFFFFFFFCCVVV
DDDDDDDMMMMPPFFFFFFFUUVVV
DDDDDDDMMMMPPSSSSSSKUUVVV
QQQIIIIMMMMPPSSSSSSKUUVVV
QQQIIIIOOOOPPSSSSSSKUUVVV
QQQIIIIOOOOPPSSSSSSKUURRR
QQQIIIIOOOOPPSSSSSSKTTRRR
QQQIIIIOOOOPPSSSSSSKTTAAA
QQQIIIIOOOOPPSSSSSSKGGAAA
QQQIIIIXXXXPPLLLLLLKGGAAA
QQQIIIIXXXXPPLLLLLLKGGAAA
QQQIIIIXXXXPPLLLLLLWGGAAA
QQQIIIIXXXXPPLLLLLLWGGAAA
QQQIIIIXXXXPPLLLLLLWGGBBB
Case #63:
BD
AC
Case #64:
AAAAAAAAACCEEEEEEEEEEEEEE
AAAAAAAAACCEEEEEEEEEEEEEE
AAAAAAAAACCEEEEEEEEEEEEEE
AAAAAAAAACCEEEEEEEEEEEEEE
AAAAAAAAACCEEEEEEEEEEEEEE
AAAAAAAAACCEEEEEEEEEEEEEE
BBBBBBBBBBDEEEEEEEEEEEEEE
BBBBBBBBBBDEEEEEEEEEEEEEE
BBBBBBBBBBDEEEEEEEEEEEEEE
BBBBBBBBBBDEEEEEEEEEEEEEE
BBBBBBBBBBDEEEEEEEEEEEEEE
BBBBBBBBBBDEEEEEEEEEEEEEE
BBBBBBBBBBDEEEEEEEEEEEEEE
BBBBBBBBBBDEEEEEEEEEEEEEE
BBBBBBBBBBDEEEEEEEEEEEEEE
BBBBBBBBBBDEEEEEEEEEEEEEE
BBBBBBBBBBDEEEEEEEEEEEEEE
BBBBBBBBBBDEEEEEEEEEEEEEE
BBBBBBBBBBDEEEEEEEEEEEEEE
BBBBBBBBBBDEEEEEEEEEEEEEE
BBBBBBBBBBDFFFFFFFFFGGGGG
BBBBBBBBBBDHHHHHJ???GGGGG
BBBBBBBBBBDHHHHHJIIIIIIII
BBBBBBBBBBDHHHHHJIIIIIIII
BBBBBBBBBBDHHHHHJIIIIIIII
Case #65:
AACCEEEEEEEEEEEEEEEEEEEEE
AACCEEEEEEEEEEEEEEEEEEEEE
AACCEEEEEEEEEEEEEEEEEEEEE
AACCEEEEEEEEEEEEEEEEEEEEE
AACCEEEEEEEEEEEEEEEEEEEEE
AACCEEEEEEEEEEEEEEEEEEEEE
AACCEEEEEEEEEEEEEEEEEEEEE
AACCEEEEEEEEEEEEEEEEEEEEE
AACCEEEEEEEEEEEEEEEEEEEEE
AACCEEEEEEEEEEEEEEEEEEEEE
AACCEEEEEEEEEEEEEEEEEEEEE
AACCEEEEEEEEEEEEEEEEEEEEE
AACCEEEEEEEEEEEEEEEEEEEEE
AACCEEEEEEEEEEEEEEEEEEEEE
AACCEEEEEEEEEEEEEEEEEEEEE
AACCEEEEEEEEEEEEEEEEEEEEE
AACCEEEEEEEEEEEEEEEEEEEEE
AACCEEEEEEEEEEEEEEEEEEEEE
AACCEEEEEEEEEEEEEEEEEEEEE
AACCEEEEEEEEEEEEEEEEEEEEE
AACCEEEEEEEEEEEEEEEEEEEEE
AACCEEEEEEEEEEEEEEEEEEEEE
AACCEEEEEEEEEEEEEEEEEEEEE
AACCEEEEEEEEEEEEEEEEEEEEE
BBBDEEEEEEEEEEEEEEEEEEEEE
Case #66:
AAAAAAAAAAAAAACCEEEEEEEEE
AAAAAAAAAAAAAACCEEEEEEEEE
AAAAAAAAAAAAAACCEEEEEEEEE
AAAAAAAAAAAAAACCEEEEEEEEE
AAAAAAAAAAAAAACCEEEEEEEEE
AAAAAAAAAAAAAACCEEEEEEEEE
AAAAAAAAAAAAAACCEEEEEEEEE
AAAAAAAAAAAAAACCEEEEEEEEE
BBBBBBBBBBBBBBBDEEEEEEEEE
BBBBBBBBBBBBBBBDEEEEEEEEE
BBBBBBBBBBBBBBBDEEEEEEEEE
BBBBBBBBBBBBBBBDEEEEEEEEE
BBBBBBBBBBBBBBBDEEEEEEEEE
BBBBBBBBBBBBBBBDEEEEEEEEE
BBBBBBBBBBBBBBBDEEEEEEEEE
BBBBBBBBBBBBBBBDEEEEEEEEE
BBBBBBBBBBBBBBBDEEEEEEEEE
BBBBBBBBBBBBBBBDEEEEEEEEE
BBBBBBBBBBBBBBBDEEEEEEEEE
BBBBBBBBBBBBBBBDEEEEEEEEE
BBBBBBBBBBBBBBBDEEEEEEEEE
BBBBBBBBBBBBBBBDEEEEEEEEE
BBBBBBBBBBBBBBBDEEEEEEEEE
BBBBBBBBBBBBBBBDEEEEEEEEE
BBBBBBBBBBBBBBBDEEEEEEEEE
Case #67:
BA
BA
Case #68:
NNNNNNNNNNNNNNNNNNNNNNNNN
NNNNNNNNNNNNNNNNNNNNNNNNN
NNNNNNNNNNNNNNNNNNNNNNNNN
NNNNNNNNNNNNNNNNNNNNNNNNN
NNNNNNNNNNNNNNNNNNNNNNNNN
NNNNNNNNNNNNNNNNNNNNNNNNN
NNNNNNNNNNNNNNNNNNNNNNNNN
NNNNNNNNNNNNNNNNNNNNNNNNN
NNNNNNNNNNNNNNNNNNNNNNNNN
NNNNNNNNNNNNNNNNNNNNNNNNN
NNNNNNNNNNNNNNNNNNNNNNNNN
NNNNNNNNNNNNNNNNNNNNNNNNN
NNNNNNNNNNNNNNNNNNNNNNNNN
NNNNNNNNNNNNNNNNNNNNNNNNN
NNNNNNNNNNNNNNNNNNNNNNNNN
HHHHHHHHYYYYTTTTGIIIIIIII
HHHHHHHHYYYYTTTTGIIIIIIII
HHHHHHHHKUUWTTTTGIIIIIIII
HHHHHHHHJUUWTTTTGIIIIIIII
HHHHHHHHPUUWTTTTGIIIIIIII
AAAAAACCCUUWTTTTDIIIIIIII
AAAAAAMMMUUZTTTTDIIIIIIII
AAAAAAMMMUUZVVVODIIIIIIII
AAAAAABBFUURRQQOEIIIIIIII
AAAAAABBFSSLLQQOXIIIIIIII
Case #69:
YYYYYYYYYYYYYNNNNGGGGGGGG
YYYYYYYYYYYYYNNNNGGGGGGGG
YYYYYYYYYYYYYNNNNGGGGGGGG
YYYYYYYYYYYYYNNNNGGGGGGGG
YYYYYYYYYYYYYNNNNGGGGGGGG
BBBBBBBVVVVVVNNNNGGGGGGGG
BBBBBBBVVVVVVNNNNGGGGGGGG
BBBBBBBVVVVVVEEESGGGGGGGG
BBBBBBBVVVVVVEEESGGGGGGGG
BBBBBBBHZZZZZEEEQTTTTTTMM
BBBBBBBHZZZZZEEEQTTTTTTMM
IIIIIIIHWWWWWEEEQTTTTTTMM
CCCUUUUHWWWWWEEEQTTTTTTMM
CCCUUUUHWWWWWEEEQTTTTTTMM
CCCUUUUHWWWWWEEEQTTTTTTMM
CCCUUUUHWWWWWEEEQTTTTTTMM
CCCUUUUHWWWWWEEEQTTTTTTMM
CCCUUUUHWWWWWEEEQTTTTTTMM
CCCUUUUHWWWWWOOOQTTTTTTMM
CCCUUUUHPPAAAOOOQTTTTTTMM
CCCUUUUHPPAAAOOOQTTTTTTMM
CCCUUUUHPPAAADDDQFLLLLLMM
JJJUUUUHPPAAADDDQFLLLLLMM
JJJUUUUHPPAAADDDQFLLLLLKK
JJJXXXXHPPAAARRRQFLLLLLKK
Case #70:
AAAAABBBBBBBBBBBBBBBBBBBB
CCCCCBBBBBBBBBBBBBBBBBBBB
CCCCCDDDDDDDDDDDDDDDDDDDD
EEEEEDDDDDDDDDDDDDDDDDDDD
EEEEEDDDDDDDDDDDDDDDDDDDD
EEEEEDDDDDDDDDDDDDDDDDDDD
EEEEEDDDDDDDDDDDDDDDDDDDD
EEEEEDDDDDDDDDDDDDDDDDDDD
EEEEEDDDDDDDDDDDDDDDDDDDD
EEEEEDDDDDDDDDDDDDDDDDDDD
EEEEEDDDDDDDDDDDDDDDDDDDD
EEEEEDDDDDDDDDDDDDDDDDDDD
EEEEEDDDDDDDDDDDDDDDDDDDD
EEEEEDDDDDDDDDDDDDDDDDDDD
EEEEEDDDDDDDDDDDDDDDDDDDD
EEEEEDDDDDDDDDDDDDDDDDDDD
EEEEEDDDDDDDDDDDDDDDDDDDD
EEEEEDDDDDDDDDDDDDDDDDDDD
EEEEEDDDDDDDDDDDDDDDDDDDD
EEEEEFFFFFFFFFFFFHHJJJJJJ
EEEEEFFFFFFFFFFFFHHJJJJJJ
EEEEEFFFFFFFFFFFFHHJJJJJJ
EEEEEFFFFFFFFFFFFHHJJJJJJ
EEEEEFFFFFFFFFFFFHHJJJJJJ
EEEEEGGGGGGGGGGGGGIJJJJJJ
Case #71:
CAD
CBE
CBE
CBE
Case #72:
CC
BA
Case #73:
GGGGG
CCFHD
CCFBD
CCEBI
AAEBI
Case #74:
AAAAAAAABBBBBBBBBBBBBBBBB
AAAAAAAABBBBBBBBBBBBBBBBB
AAAAAAAABBBBBBBBBBBBBBBBB
AAAAAAAABBBBBBBBBBBBBBBBB
AAAAAAAABBBBBBBBBBBBBBBBB
AAAAAAAABBBBBBBBBBBBBBBBB
AAAAAAAABBBBBBBBBBBBBBBBB
CCCCE???BBBBBBBBBBBBBBBBB
CCCCEDDDDDDDDDDDDFHHJJJJJ
CCCCEDDDDDDDDDDDDFHHJJJJJ
CCCCEDDDDDDDDDDDDFHHJJJJJ
CCCCEDDDDDDDDDDDDFHHJJJJJ
CCCCEDDDDDDDDDDDDFHHJJJJJ
CCCCEDDDDDDDDDDDDFHHJJJJJ
CCCCEDDDDDDDDDDDDFHHJJJJJ
CCCCEDDDDDDDDDDDDFHHJJJJJ
CCCCEDDDDDDDDDDDDFHHJJJJJ
CCCCEDDDDDDDDDDDDFHHJJJJJ
CCCCEDDDDDDDDDDDDFHHJJJJJ
CCCCEDDDDDDDDDDDDFHHJJJJJ
CCCCEDDDDDDDDDDDDFHHJJJJJ
CCCCEDDDDDDDDDDDDFHHJJJJJ
CCCCEDDDDDDDDDDDDGGIJJJJJ
CCCCEDDDDDDDDDDDDGGIJJJJJ
CCCCEDDDDDDDDDDDDGGIJJJJJ
Case #75:
AAAAAAAAAAAAAAABBBBBBBBBB
AAAAAAAAAAAAAAABBBBBBBBBB
AAAAAAAAAAAAAAABBBBBBBBBB
AAAAAAAAAAAAAAABBBBBBBBBB
AAAAAAAAAAAAAAABBBBBBBBBB
AAAAAAAAAAAAAAABBBBBBBBBB
AAAAAAAAAAAAAAABBBBBBBBBB
AAAAAAAAAAAAAAABBBBBBBBBB
AAAAAAAAAAAAAAABBBBBBBBBB
AAAAAAAAAAAAAAABBBBBBBBBB
AAAAAAAAAAAAAAABBBBBBBBBB
AAAAAAAAAAAAAAABBBBBBBBBB
AAAAAAAAAAAAAAABBBBBBBBBB
AAAAAAAAAAAAAAABBBBBBBBBB
AAAAAAAAAAAAAAABBBBBBBBBB
AAAAAAAAAAAAAAABBBBBBBBBB
AAAAAAAAAAAAAAABBBBBBBBBB
AAAAAAAAAAAAAAABBBBBBBBBB
AAAAAAAAAAAAAAABBBBBBBBBB
AAAAAAAAAAAAAAABBBBBBBBBB
AAAAAAAAAAAAAAABBBBBBBBBB
AAAAAAAAAAAAAAABBBBBBBBBB
CCCCCCCCCCCE???BBBBBBBBBB
CCCCCCCCCCCEDDDDDDDDDDDDD
CCCCCCCCCCCEDDDDDDDDDDDDD
Case #76:
BBBBBBBBBBBBBBBBBBBBBBBBB
BBBBBBBBBBBBBBBBBBBBBBBBB
BBBBBBBBBBBBBBBBBBBBBBBBB
BBBBBBBBBBBBBBBBBBBBBBBBB
BBBBBBBBBBBBBBBBBBBBBBBBB
BBBBBBBBBBBBBBBBBBBBBBBBB
BBBBBBBBBBBBBBBBBBBBBBBBB
BBBBBBBBBBBBBBBBBBBBBBBBB
BBBBBBBBBBBBBBBBBBBBBBBBB
BBBBBBBBBBBBBBBBBBBBBBBBB
BBBBBBBBBBBBBBBBBBBBBBBBB
BBBBBBBBBBBBBBBBBBBBBBBBB
BBBBBBBBBBBBBBBBBBBBBBBBB
BBBBBBBBBBBBBBBBBBBBBBBBB
BBBBBBBBBBBBBBBBBBBBBBBBB
SSSSSSSSSSSSSSSSSSSSSSSSS
DDPHHHHHHHHHHHHHHHHHHHHHH
ZZIUQOJJJJJJJJJJJJJJJJJJJ
ZZIUQAEYYYYYYYYYYYYYYYYYY
MMGVQAEXXXXXXXXXXXXXXXXXX
TTGVQCWXXXXXXXXXXXXXXXXXX
NFGVQCRXXXXXXXXXXXXXXXXXX
NKGVQLRXXXXXXXXXXXXXXXXXX
NKGVQLRXXXXXXXXXXXXXXXXXX
NKGVQLRXXXXXXXXXXXXXXXXXX
Case #77:
JJJJJJJRRRRRRRRRRRRRRRRRR
JJJJJJJRRRRRRRRRRRRRRRRRR
JJJJJJJRRRRRRRRRRRRRRRRRR
JJJJJJJRRRRRRRRRRRRRRRRRR
JJJJJJJRRRRRRRRRRRRRRRRRR
JJJJJJJRRRRRRRRRRRRRRRRRR
JJJJJJJRRRRRRRRRRRRRRRRRR
JJJJJJJRRRRRRRRRRRRRRRRRR
KKKKKKKHHHHHHHHHHHHHHHHHH
TTTAAADHHHHHHHHHHHHHHHHHH
TTTAAADHHHHHHHHHHHHHHHHHH
TTTMMMDQQQQQQQQQQQQQQQQQQ
YYYEEWDOOLLFFFFFFFFFFFFFF
NNNGGSDOOLLFFFFFFFFFFFFFF
NNNVVSDIILLFFFFFFFFFFFFFF
BBBVVSPIILLCCCCCCCCCCCCCC
BBBVVSXIILLCCCCCCCCCCCCCC
BBBVVSXIILLCCCCCCCCCCCCCC
BBBVVSXIIUUCCCCCCCCCCCCCC
BBBVVSZIIUUCCCCCCCCCCCCCC
BBBVVSZIIUUCCCCCCCCCCCCCC
BBBVVSZIIUUCCCCCCCCCCCCCC
BBBVVSZIIUUCCCCCCCCCCCCCC
BBBVVSZIIUUCCCCCCCCCCCCCC
BBBVVSZIIUUCCCCCCCCCCCCCC
Case #78:
EEEESDDDDDDDDDDDDDDDDDDDD
EEEESDDDDDDDDDDDDDDDDDDDD
EEEESDDDDDDDDDDDDDDDDDDDD
EEEESDDDDDDDDDDDDDDDDDDDD
EEEESDDDDDDDDDDDDDDDDDDDD
EEEESDDDDDDDDDDDDDDDDDDDD
EEEESDDDDDDDDDDDDDDDDDDDD
EEEESDDDDDDDDDDDDDDDDDDDD
EEEESDDDDDDDDDDDDDDDDDDDD
EEEESDDDDDDDDDDDDDDDDDDDD
EEEESDDDDDDDDDDDDDDDDDDDD
EEEESDDDDDDDDDDDDDDDDDDDD
EEEESDDDDDDDDDDDDDDDDDDDD
EEEESDDDDDDDDDDDDDDDDDDDD
EEEESDDDDDDDDDDDDDDDDDDDD
EEEESDDDDDDDDDDDDDDDDDDDD
YYYYSKKKKFFFFFFFFFFFFFFFF
YYYYSKKKKFFFFFFFFFFFFFFFF
YYYYSJJJRRPPPPPPPPPPPPPPP
TUUUSJJJRRPPPPPPPPPPPPPPP
TUUUWWOORRQQQQQQQQQQQQQQQ
TUUUWWIIRRCCMMMMMMMMMMMMM
BBBNWWIIRRCCMMMMMMMMMMMMM
HHHNVXAARRCCMMMMMMMMMMMMM
HHHNVZAALLCCGGGGGGGGGGGGG
Case #79:
ABCDEFGHIJKLMNOPQRSTUVWXY
ABCDEFGHIJKLMNOPQRSTUVWXY
ABCDEFGHIJKLMNOPQRSTUVWXY
ABCDEFGHIJKLMNOPQRSTUVWXY
ABCDEFGHIJKLMNOPQRSTUVWXY
ABCDEFGHIJKLMNOPQRSTUVWXY
ABCDEFGHIJKLMNOPQRSTUVWXY
ABCDEFGHIJKLMNOPQRSTUVWXY
ABCDEFGHIJKLMNOPQRSTUVWXY
ABCDEFGHIJKLMNOPQRSTUVWXY
ABCDEFGHIJKLMNOPQRSTUVWXY
ABCDEFGHIJKLMNOPQRSTUVWXY
ABCDEFGHIJKLMNOPQRSTUVWXY
ABCDEFGHIJKLMNOPQRSTUVWXY
ABCDEFGHIJKLMNOPQRSTUVWXY
ABCDEFGHIJKLMNOPQRSTUVWXY
ABCDEFGHIJKLMNOPQRSTUVWXY
ABCDEFGHIJKLMNOPQRSTUVWXY
ABCDEFGHIJKLMNOPQRSTUVWXY
ABCDEFGHIJKLMNOPQRSTUVWXY
ABCDEFGHIJKLMNOPQRSTUVWXY
ABCDEFGHIJKLMNOPQRSTUVWXY
ABCDEFGHIJKLMNOPQRSTUVWXY
ABCDEFGHIJKLMNOPQRSTUVWXY
ABCDEFGHIJKLMNOPQRSTUVWXY
Case #80:
VVVVSSSSSSSSSSSSSSSKKKKKM
VVVVSSSSSSSSSSSSSSSKKKKKM
VVVVSSSSSSSSSSSSSSSKKKKKM
VVVVSSSSSSSSSSSSSSSKKKKKM
GGGGSSSSSSSSSSSSSSSKKKKKM
GGGGBBBBBBBBBBUUUUUKKKKKM
GGGGBBBBBBBBBBUUUUUKKKKKE
GGGGWWLLLLAAOOUUUUUKKKKKE
GGGGWWLLLLAAOOUUUUUKKKKKE
TTTTWWZZZZAAOOUUUUUDIIIIE
TTTTWWZZZZAAOOUUUUUDIIIIE
TTTTWWZZZZAANNUUUUUDIIIIE
TTTTWWZZZZAANNUUUUUDIIIIE
FFFFFYZZZZAANNUUUUUDIIIIE
FFFFFYZZZZAANNUUUUUDIIIIE
FFFFFYHHHHAANNUUUUUDIIIIE
FFFFFYHHHHAANNUUUUUPIIIIE
FFFFFYHHHHAANNUUUUUPIIIIE
RRRRRYHHHHAANNXXXXXPIIIIE
RRRRRYHHHHAANNXXXXXCIIIIE
RRRRRYHHHHAAQQXXXXXCIIIIE
RRRRRYHHHHAAQQXXXXXCIIIIE
RRRRRYJJJJAAQQXXXXXCIIIIE
RRRRRYJJJJAAQQXXXXXCIIIIE
RRRRRYJJJJAAQQXXXXXCIIIIE
Case #81:
A
A
Case #82:
AAAAAAABBBBBBBBBBBBBBBBBB
CCCE???BBBBBBBBBBBBBBBBBB
CCCEDDDDDDDDDDDDDDDDDDDDD
CCCEDDDDDDDDDDDDDDDDDDDDD
CCCEDDDDDDDDDDDDDDDDDDDDD
CCCEDDDDDDDDDDDDDDDDDDDDD
CCCEDDDDDDDDDDDDDDDDDDDDD
CCCEDDDDDDDDDDDDDDDDDDDDD
CCCEDDDDDDDDDDDDDDDDDDDDD
CCCEDDDDDDDDDDDDDDDDDDDDD
CCCEDDDDDDDDDDDDDDDDDDDDD
CCCEDDDDDDDDDDDDDDDDDDDDD
CCCEDDDDDDDDDDDDDDDDDDDDD
CCCEDDDDDDDDDDDDDDDDDDDDD
CCCEFFFFFFFFFHHJJJJJJJJJJ
CCCEFFFFFFFFFHHJJJJJJJJJJ
CCCEFFFFFFFFFHHJJJJJJJJJJ
CCCEFFFFFFFFFHHJJJJJJJJJJ
CCCEFFFFFFFFFHHJJJJJJJJJJ
CCCEGGGGGGGGGGIJJJJJJJJJJ
CCCEGGGGGGGGGGIJJJJJJJJJJ
CCCEGGGGGGGGGGIJJJJJJJJJJ
CCCEGGGGGGGGGGIJJJJJJJJJJ
CCCEGGGGGGGGGGIJJJJJJJJJJ
CCCEGGGGGGGGGGIJJJJJJJJJJ
Case #83:
AA
Case #84:
TT
JA
JF
JF
LY
LG
LG
LC
LC
LC
WQ
BQ
BZ
BZ
OX
SX
IX
MX
KX
KV
UE
PR
PD
PD
HN
Case #85:
FFFFFFFFFFFFFFFFFFFFFFFFF
FFFFFFFFFFFFFFFFFFFFFFFFF
FFFFFFFFFFFFFFFFFFFFFFFFF
FFFFFFFFFFFFFFFFFFFFFFFFF
FFFFFFFFFFFFFFFFFFFFFFFFF
FFFFFFFFFFFFFFFFFFFFFFFFF
FFFFFFFFFFFFFFFFFFFFFFFFF
FFFFFFFFFFFFFFFFFFFFFFFFF
FFFFFFFFFFFFFFFFFFFFFFFFF
FFFFFFFFFFFFFFFFFFFFFFFFF
FFFFFFFFFFFFFFFFFFFFFFFFF
FFFFFFFFFFFFFFFFFFFFFFFFF
FFFFFFFFFFFFFFFFFFFFFFFFF
AAAAAAWWWWWWWWWWWWWWWWWWW
UUUUUUWWWWWWWWWWWWWWWWWWW
UUUUUUWWWWWWWWWWWWWWWWWWW
ZZZCCCWWWWWWWWWWWWWWWWWWW
ZZZCCCLKKKKSSSSSSSSSSSSSS
ZZZOOOLKKKKTMMMMMMMMMMMMM
ZZZOOOLKKKKTMMMMMMMMMMMMM
ZZZQQQLJJJBTDDDDDDDDDDDDD
HPPQQQLJJJBTIINNNNNNNNNNN
HPPQQQXXYYVTIINNNNNNNNNNN
HPPRRRXXYYVTEENNNNNNNNNNN
HGGRRRXXYYVTEENNNNNNNNNNN
Case #86:
PPPPPPPPPPPPPPPPPXXXLLLLB
PPPPPPPPPPPPPPPPPXXXLLLLB
PPPPPPPPPPPPPPPPPXXXLLLLB
PPPPPPPPPPPPPPPPPXXXLLLLB
PPPPPPPPPPPPPPPPPXXXLLLLB
WWWWWWWWWWWWWWWWWXXXLLLLB
WWWWWWWWWWWWWWWWWXXXLLLLB
HHHHHHHHHHHHHHHHHXXXLLLLB
TTTTTTTTTTTTTTTTTXXXLLLLB
TTTTTTTTTTTTTTTTTOVVLLLLB
TTTTTTTTTTTTTTTTTOVVLLLLB
TTTTTTTTTTTTTTTTTOVVFFFFB
DDDDJQQQQQQQQQQQQOVVFFFFB
DDDDJQQQQQQQQQQQQOVVFFFFB
DDDDJQQQQQQQQQQQQOVVFFFFB
DDDDJQQQQQQQQQQQQOVVFFFFB
DDDDJQQQQQQQQQQQQOVVFFFFB
DDDDSSSSUUUUUUUUUZVVFFFFB
DDDDSSSSUUUUUUUUUZVVFFFFB
DDDDSSSSYYYYYYAAAZVVNNNNB
DDDDSSSSYYYYYYAAAZVVNNNNB
DDDDSSSSYYYYYYAAAZVVRRRKB
MCCCSSSSYYYYYYEEEZVVRRRKB
MCCCSSSSIIIIIIEEEGVVRRRKB
MCCCSSSSIIIIIIEEEGVVRRRKB
Case #87:
AAAAAAABBBBBBBBBBBBBBBBBB
AAAAAAABBBBBBBBBBBBBBBBBB
AAAAAAABBBBBBBBBBBBBBBBBB
CCCE???BBBBBBBBBBBBBBBBBB
CCCEDDDDDDDDDDDDDDDDDDDDD
CCCEDDDDDDDDDDDDDDDDDDDDD
CCCEDDDDDDDDDDDDDDDDDDDDD
CCCEDDDDDDDDDDDDDDDDDDDDD
CCCEDDDDDDDDDDDDDDDDDDDDD
CCCEDDDDDDDDDDDDDDDDDDDDD
CCCEDDDDDDDDDDDDDDDDDDDDD
CCCEDDDDDDDDDDDDDDDDDDDDD
CCCEDDDDDDDDDDDDDDDDDDDDD
CCCEDDDDDDDDDDDDDDDDDDDDD
CCCEFFFFFFFFFFFHHJJJJJJJJ
CCCEFFFFFFFFFFFHHJJJJJJJJ
CCCEFFFFFFFFFFFHHJJJJJJJJ
CCCEFFFFFFFFFFFHHJJJJJJJJ
CCCEFFFFFFFFFFFHHJJJJJJJJ
CCCEGGGGGGGGGGGGIJJJJJJJJ
CCCEGGGGGGGGGGGGIJJJJJJJJ
CCCEGGGGGGGGGGGGIJJJJJJJJ
CCCEGGGGGGGGGGGGIJJJJJJJJ
CCCEGGGGGGGGGGGGIJJJJJJJJ
CCCEGGGGGGGGGGGGIJJJJJJJJ
Case #88:
QQQQQQQQQQQQQQQZZZZZZZZZZ
QQQQQQQQQQQQQQQZZZZZZZZZZ
QQQQQQQQQQQQQQQZZZZZZZZZZ
QQQQQQQQQQQQQQQZZZZZZZZZZ
QQQQQQQQQQQQQQQZZZZZZZZZZ
QQQQQQQQQQQQQQQZZZZZZZZZZ
QQQQQQQQQQQQQQQZZZZZZZZZZ
QQQQQQQQQQQQQQQZZZZZZZZZZ
QQQQQQQQQQQQQQQZZZZZZZZZZ
QQQQQQQQQQQQQQQZZZZZZZZZZ
QQQQQQQQQQQQQQQZZZZZZZZZZ
QQQQQQQQQQQQQQQZZZZZZZZZZ
QQQQQQQQQQQQQQQZZZZZZZZZZ
QQQQQQQQQQQQQQQZZZZZZZZZZ
QQQQQQQQQQQQQQQZZZZZZZZZZ
QQQQQQQQQQQQQQQZZZZZZZZZZ
QQQQQQQQQQQQQQQZZZZZZZZZZ
QQQQQQQQQQQQQQQZZZZZZZZZZ
PPPPPPPPPPPPPPPHNNNNNNNNN
CCCCCCCCCCCCCCGHBLLLLLLLL
KKKKKKKKKKKKTYFHBWWMMMMMM
KKKKKKKKKKKKJYXHADDMMMMMM
KKKKKKKKKKKKJYOHUEEMMMMMM
KKKKKKKKKKKKJYSHUEEMMMMMM
KKKKKKKKKKKKJIVRUEEMMMMMM
Case #89:
XXXXXXXXXXXXXXXXXXXXXXXXX
XXXXXXXXXXXXXXXXXXXXXXXXX
XXXXXXXXXXXXXXXXXXXXXXXXX
XXXXXXXXXXXXXXXXXXXXXXXXX
VVVVVVVVVVVVVVVQQQQQQQQQQ
TTTTTTTTTTTTTUUNNNWWWWWWW
IIIIIIIIIIIIKKKKRAJJJJJJJ
IIIIIIIIIIIIEEYLZAJJJJJJJ
IIIIIIIIIIIIDFSCHAJJJJJJJ
IIIIIIIIIIIIDFMGHAJJJJJJJ
IIIIIIIIIIIIDFOBHAJJJJJJJ
IIIIIIIIIIIIDFPBHAJJJJJJJ
IIIIIIIIIIIIDFPBHAJJJJJJJ
IIIIIIIIIIIIDFPBHAJJJJJJJ
IIIIIIIIIIIIDFPBHAJJJJJJJ
IIIIIIIIIIIIDFPBHAJJJJJJJ
IIIIIIIIIIIIDFPBHAJJJJJJJ
IIIIIIIIIIIIDFPBHAJJJJJJJ
IIIIIIIIIIIIDFPBHAJJJJJJJ
IIIIIIIIIIIIDFPBHAJJJJJJJ
IIIIIIIIIIIIDFPBHAJJJJJJJ
IIIIIIIIIIIIDFPBHAJJJJJJJ
IIIIIIIIIIIIDFPBHAJJJJJJJ
IIIIIIIIIIIIDFPBHAJJJJJJJ
IIIIIIIIIIIIDFPBHAJJJJJJJ
Case #90:
NNNNNNNNNKKZZZHVVVUUUUUUU
NNNNNNNNNKKZZZHRRRUUUUUUU
NNNNNNNNNICBWEHXXXXPPPPPP
NNNNNNNNNICQLESSOGGPPPPPP
NNNNNNNNNICQJMTTYGGPPPPPP
NNNNNNNNNICQJAAFYGGPPPPPP
NNNNNNNNNICQJDDFYGGPPPPPP
NNNNNNNNNICQJDDFYGGPPPPPP
NNNNNNNNNICQJDDFYGGPPPPPP
NNNNNNNNNICQJDDFYGGPPPPPP
NNNNNNNNNICQJDDFYGGPPPPPP
NNNNNNNNNICQJDDFYGGPPPPPP
NNNNNNNNNICQJDDFYGGPPPPPP
NNNNNNNNNICQJDDFYGGPPPPPP
NNNNNNNNNICQJDDFYGGPPPPPP
NNNNNNNNNICQJDDFYGGPPPPPP
NNNNNNNNNICQJDDFYGGPPPPPP
NNNNNNNNNICQJDDFYGGPPPPPP
NNNNNNNNNICQJDDFYGGPPPPPP
NNNNNNNNNICQJDDFYGGPPPPPP
NNNNNNNNNICQJDDFYGGPPPPPP
NNNNNNNNNICQJDDFYGGPPPPPP
NNNNNNNNNICQJDDFYGGPPPPPP
NNNNNNNNNICQJDDFYGGPPPPPP
NNNNNNNNNICQJDDFYGGPPPPPP
Case #91:
AAAAABBBBBBBBBBBBBBBBBBBB
AAAAABBBBBBBBBBBBBBBBBBBB
AAAAABBBBBBBBBBBBBBBBBBBB
AAAAABBBBBBBBBBBBBBBBBBBB
AAAAABBBBBBBBBBBBBBBBBBBB
AAAAABBBBBBBBBBBBBBBBBBBB
CCCCCBBBBBBBBBBBBBBBBBBBB
CCCCCDDDDDDDDDDDDDFHHJJJJ
EEEEEDDDDDDDDDDDDDFHHJJJJ
EEEEEDDDDDDDDDDDDDFHHJJJJ
EEEEEDDDDDDDDDDDDDFHHJJJJ
EEEEEDDDDDDDDDDDDDFHHJJJJ
EEEEEDDDDDDDDDDDDDFHHJJJJ
EEEEEDDDDDDDDDDDDDFHHJJJJ
EEEEEDDDDDDDDDDDDDFHHJJJJ
EEEEEDDDDDDDDDDDDDFHHJJJJ
EEEEEDDDDDDDDDDDDDFHHJJJJ
EEEEEDDDDDDDDDDDDDGGIJJJJ
EEEEEDDDDDDDDDDDDDGGIJJJJ
EEEEEDDDDDDDDDDDDDGGIJJJJ
EEEEEDDDDDDDDDDDDDGGIJJJJ
EEEEEDDDDDDDDDDDDDGGIJJJJ
EEEEEDDDDDDDDDDDDDGGIJJJJ
EEEEEDDDDDDDDDDDDDGGIJJJJ
EEEEEDDDDDDDDDDDDDGGIJJJJ
Case #92:
AAAAAAAAAAAAAAAAAAAABBBBB
AAAAAAAAAAAAAAAAAAAABBBBB
AAAAAAAAAAAAAAAAAAAABBBBB
AAAAAAAAAAAAAAAAAAAABBBBB
AAAAAAAAAAAAAAAAAAAABBBBB
AAAAAAAAAAAAAAAAAAAABBBBB
AAAAAAAAAAAAAAAAAAAABBBBB
AAAAAAAAAAAAAAAAAAAABBBBB
AAAAAAAAAAAAAAAAAAAABBBBB
AAAAAAAAAAAAAAAAAAAABBBBB
AAAAAAAAAAAAAAAAAAAABBBBB
AAAAAAAAAAAAAAAAAAAABBBBB
AAAAAAAAAAAAAAAAAAAABBBBB
AAAAAAAAAAAAAAAAAAAABBBBB
AAAAAAAAAAAAAAAAAAAABBBBB
AAAAAAAAAAAAAAAAAAAABBBBB
AAAAAAAAAAAAAAAAAAAABBBBB
AAAAAAAAAAAAAAAAAAAABBBBB
CCCCCCCCCCCCCCCCE???BBBBB
CCCCCCCCCCCCCCCCEDDDDDDDD
CCCCCCCCCCCCCCCCEDDDDDDDD
CCCCCCCCCCCCCCCCEDDDDDDDD
CCCCCCCCCCCCCCCCEDDDDDDDD
CCCCCCCCCCCCCCCCEDDDDDDDD
CCCCCCCCCCCCCCCCEDDDDDDDD
Case #93:
ABCDEFGHIJKLMNOPQRSTUVWXY
ABCDEFGHIJKLMNOPQRSTUVWXY
ABCDEFGHIJKLMNOPQRSTUVWXY
ABCDEFGHIJKLMNOPQRSTUVWXY
ABCDEFGHIJKLMNOPQRSTUVWXY
ABCDEFGHIJKLMNOPQRSTUVWXY
ABCDEFGHIJKLMNOPQRSTUVWXY
ABCDEFGHIJKLMNOPQRSTUVWXY
ABCDEFGHIJKLMNOPQRSTUVWXY
ABCDEFGHIJKLMNOPQRSTUVWXY
ABCDEFGHIJKLMNOPQRSTUVWXY
ABCDEFGHIJKLMNOPQRSTUVWXY
ABCDEFGHIJKLMNOPQRSTUVWXY
ABCDEFGHIJKLMNOPQRSTUVWXY
ABCDEFGHIJKLMNOPQRSTUVWXY
ABCDEFGHIJKLMNOPQRSTUVWXY
ABCDEFGHIJKLMNOPQRSTUVWXY
ABCDEFGHIJKLMNOPQRSTUVWXY
ABCDEFGHIJKLMNOPQRSTUVWXY
ABCDEFGHIJKLMNOPQRSTUVWXY
ABCDEFGHIJKLMNOPQRSTUVWXY
ABCDEFGHIJKLMNOPQRSTUVWXY
ABCDEFGHIJKLMNOPQRSTUVWXY
ABCDEFGHIJKLMNOPQRSTUVWXY
ABCDEFGHIJKLMNOPQRSTUVWXY
Case #94:
EEEEEEEEVVVVVVWHHHHHHHBBG
EEEEEEEEVVVVVVWHHHHHHHBBG
EEEEEEEEVVVVVVWHHHHHHHBBG
EEEEEEEEVVVVVVWHHHHHHHBBG
EEEEEEEEVVVVVVWPPPPPPPBBG
EEEEEEEEVVVVVVWPPPPPPPBBC
FFFFFQQQVVVVVVWPPPPPPPDDC
FFFFFQQQVVVVVVWPPPPPPPDDC
FFFFFQQQVVVVVVWPPPPPPPDDC
FFFFFQQQZZZZZITPPPPPPPDDC
FFFFFQQQZZZZZITPPPPPPPDDC
FFFFFKKKZZZZZITPPPPPPPDDC
FFFFFKKKZZZZZIXPPPPPPPDDC
FFFFFJJJZZZZZIXSSLLLLLDDC
FFFFFJJJZZZZZIXSSLLLLLDDC
FFFFFJJJZZZZZIXSSLLLLLMMC
FFFFFJJJZZZZZIXSSLLLLLMMC
FFFFFJJJZZZZZIXSSLLLLLMMC
FFFFFJJJZZZZZIXSSLLLLLMMC
FFFFFJJJZZZZZIXNNLLLLLMMC
FFFFFJJJZZZZZIXNNLLLLLMMC
UUUUUJJJYYRRRIXNNLLLLLMMC
UUUUUJJJYYRRRIXNNLLLLLMMC
UUUUUJJJYYRRRIXNNLLLLLMMC
UUUUUJJJYYRRRIXAAOOOOOMMC
Case #95:
AAAAAAAAAAAAAAAAAAAAAAAAA
BBBBBBBBBBBBBBBBBBBBBBBBB
CCCCCCCCCCCCCCCCCCCCCCCCC
DDDDDDDDDDDDDDDDDDDDDDDDD
EEEEEEEEEEEEEEEEEEEEEEEEE
FFFFFFFFFFFFFFFFFFFFFFFFF
GGGGGGGGGGGGGGGGGGGGGGGGG
HHHHHHHHHHHHHHHHHHHHHHHHH
IIIIIIIIIIIIIIIIIIIIIIIII
JJJJJJJJJJJJJJJJJJJJJJJJJ
KKKKKKKKKKKKKKKKKKKKKKKKK
LLLLLLLLLLLLLLLLLLLLLLLLL
MMMMMMMMMMMMMMMMMMMMMMMMM
NNNNNNNNNNNNNNNNNNNNNNNNN
OOOOOOOOOOOOOOOOOOOOOOOOO
PPPPPPPPPPPPPPPPPPPPPPPPP
QQQQQQQQQQQQQQQQQQQQQQQQQ
RRRRRRRRRRRRRRRRRRRRRRRRR
SSSSSSSSSSSSSSSSSSSSSSSSS
TTTTTTTTTTTTTTTTTTTTTTTTT
UUUUUUUUUUUUUUUUUUUUUUUUU
VVVVVVVVVVVVVVVVVVVVVVVVV
WWWWWWWWWWWWWWWWWWWWWWWWW
XXXXXXXXXXXXXXXXXXXXXXXXX
YYYYYYYYYYYYYYYYYYYYYYYYY
Case #96:
AAAA
AAAA
AAAA
AAAA
AAAA
CBDD
Case #97:
BBGG
FFFD
CEAD
Case #98:
AAAAAAAAAAAAAAAAAAAAAAAAA
BBBBBBBBBBBBBBBBBBBBBBBBB
CCCCCCCCCCCCCCCCCCCCCCCCC
DDDDDDDDDDDDDDDDDDDDDDDDD
EEEEEEEEEEEEEEEEEEEEEEEEE
FFFFFFFFFFFFFFFFFFFFFFFFF
GGGGGGGGGGGGGGGGGGGGGGGGG
HHHHHHHHHHHHHHHHHHHHHHHHH
IIIIIIIIIIIIIIIIIIIIIIIII
JJJJJJJJJJJJJJJJJJJJJJJJJ
KKKKKKKKKKKKKKKKKKKKKKKKK
LLLLLLLLLLLLLLLLLLLLLLLLL
MMMMMMMMMMMMMMMMMMMMMMMMM
NNNNNNNNNNNNNNNNNNNNNNNNN
OOOOOOOOOOOOOOOOOOOOOOOOO
PPPPPPPPPPPPPPPPPPPPPPPPP
QQQQQQQQQQQQQQQQQQQQQQQQQ
RRRRRRRRRRRRRRRRRRRRRRRRR
SSSSSSSSSSSSSSSSSSSSSSSSS
TTTTTTTTTTTTTTTTTTTTTTTTT
UUUUUUUUUUUUUUUUUUUUUUUUU
VVVVVVVVVVVVVVVVVVVVVVVVV
WWWWWWWWWWWWWWWWWWWWWWWWW
XXXXXXXXXXXXXXXXXXXXXXXXX
YYYYYYYYYYYYYYYYYYYYYYYYY
Case #99:
AAAAAAAAAAAAAAAAAAAAAAAAA
BBBBBBBBBBBBBBBBBBBBBBBBB
CCCCCCCCCCCCCCCCCCCCCCCCC
DDDDDDDDDDDDDDDDDDDDDDDDD
EEEEEEEEEEEEEEEEEEEEEEEEE
FFFFFFFFFFFFFFFFFFFFFFFFF
GGGGGGGGGGGGGGGGGGGGGGGGG
HHHHHHHHHHHHHHHHHHHHHHHHH
IIIIIIIIIIIIIIIIIIIIIIIII
JJJJJJJJJJJJJJJJJJJJJJJJJ
KKKKKKKKKKKKKKKKKKKKKKKKK
LLLLLLLLLLLLLLLLLLLLLLLLL
MMMMMMMMMMMMMMMMMMMMMMMMM
NNNNNNNNNNNNNNNNNNNNNNNNN
OOOOOOOOOOOOOOOOOOOOOOOOO
PPPPPPPPPPPPPPPPPPPPPPPPP
QQQQQQQQQQQQQQQQQQQQQQQQQ
RRRRRRRRRRRRRRRRRRRRRRRRR
SSSSSSSSSSSSSSSSSSSSSSSSS
TTTTTTTTTTTTTTTTTTTTTTTTT
UUUUUUUUUUUUUUUUUUUUUUUUU
VVVVVVVVVVVVVVVVVVVVVVVVV
WWWWWWWWWWWWWWWWWWWWWWWWW
XXXXXXXXXXXXXXXXXXXXXXXXX
YYYYYYYYYYYYYYYYYYYYYYYYY
Case #100:
XXAAAAAAACVVVVVVVVVVVVVVM
XXAAAAAAACVVVVVVVVVVVVVVM
XXAAAAAAACVVVVVVVVVVVVVVM
XXAAAAAAACVVVVVVVVVVVVVVM
XXAAAAAAACVVVVVVVVVVVVVVM
XXNNNNNNNCGGGGGGYZZZZOOOM
XXNNNNNNNCGGGGGGYZZZZOOOM
XXNNNNNNNDGGGGGGYZZZZOOOT
XXNNNNNNNDGGGGGGYZZZZOOOT
XXNNNNNNNDGGGGGGYZZZZOOOT
XXUUUUUUUDGGGGGGYZZZZOOOT
XXUUUUUUUDGGGGGGYZZZZOOOT
XXUUUUUUUDGGGGGGYZZZZKIIT
XXUUUUUUUDGGGGGGYZZZZKIIT
XXRRRRRLLDGGGGGGYZZZZKIIT
XXRRRRRLLDGGGGGGYZZZZKIIT
XXRRRRRLLDGGGGGGYZZZZKIIT
XXJJJJJLLDGGGGGGEZZZZKIIT
XXJJJJJLLDWWWWWWEQQQPKIIT
XXJJJJJLLDWWWWWWEQQQPKIIT
XXHHHHHLLDWWWWWWEQQQPKIIT
SSHHHHHLLDWWWWWWEQQQPKIIT
SSHHHHHLLBWWWWWWEQQQPKIIT
SSFFFFFLLBWWWWWWEQQQPKIIT
SSFFFFFLLBWWWWWWEQQQPKIIT
