Case #1:
GGG
CCJ
CCJ
Case #2:
CODE
CODE
CJAM
Case #3:
CA
KE
Case #4:
EEE
BBF
CCF
DDA
Case #5:
A
B
Case #6:
CCC
FFF
AGD
HBE
Case #7:
CEAG
CDFH
CDFB
Case #8:
HFL
BJK
GAE
CDI
Case #9:
EEB
CAD
Case #10:
AAA
BBF
DDE
CCE
Case #11:
ACCE
ACCE
BBDF
Case #12:
BBEA
BBEA
CCED
Case #13:
EEIK
BFHG
JDCA
Case #14:
BCA
Case #15:
EEB
DFB
AFB
CFB
Case #16:
CCCC
DDDD
EEAB
Case #17:
AA
AA
Case #18:
EBBD
EBBD
ECAD
Case #19:
DDD
FFF
EEA
CBA
Case #20:
AAAA
BBBB
CCCC
Case #21:
AAA
AAA
Case #22:
EEF
AAB
DDB
CCB
Case #23:
AA
AA
AA
BB
Case #24:
DDD
AFB
AFB
ACE
Case #25:
FBBB
EDCC
EACC
Case #26:
CCBD
CCBD
CCEA
Case #27:
AABBCC
DDDEEF
Case #28:
ABCD
ABCD
ABCD
Case #29:
HDA
CKE
JFI
GBI
Case #30:
AABB
AABB
Case #31:
ABCD
ABCD
ABCD
Case #32:
ABC
DBC
DBE
Case #33:
IBE
GJL
AHK
CDF
Case #34:
BEEC
BEEC
BDAC
Case #35:
AB
Case #36:
CCFH
BGAE
BGID
Case #37:
EBB
ADD
CDD
CDD
Case #38:
ECB
JFH
DIA
GIA
Case #39:
EDC
FAB
Case #40:
CCC
DHH
FGA
BEA
Case #41:
AAB
CCB
CCD
EEF
Case #42:
GAED
GHFB
GHIC
Case #43:
AAAA
EEEC
DBBC
Case #44:
BCC
BCC
BAA
EFD
Case #45:
AABBCCDDEEFF
Case #46:
ACCB
ACCD
ECCD
Case #47:
CCCC
AAAD
BBBE
Case #48:
AAAA
BBBB
CCCC
Case #49:
BEG
CFA
DFA
DFA
Case #50:
BBB
FEE
DAA
CAA
Case #51:
ECAF
DBAF
DBAF
Case #52:
CAA
CBB
Case #53:
AAAA
BBCE
BBCD
Case #54:
AAAA
BBBB
CCCC
Case #55:
AA
BB
CC
DD
EE
FF
Case #56:
DDDD
EEBC
AABC
Case #57:
DDCC
AAEE
AABB
Case #58:
BFDA
BGEC
BGEH
Case #59:
DDDD
EEBH
ACFG
Case #60:
AAGD
EEBC
EEFC
Case #61:
A
A
Case #62:
AAB
CCB
DDE
FFE
Case #63:
EEE
ADD
AFF
CCB
Case #64:
ACC
BBF
DDF
EEF
Case #65:
A
Case #66:
AA
Case #67:
CCAA
CCDD
CCEB
Case #68:
ABCD
ABCD
ABCD
Case #69:
AAA
BBB
Case #70:
AAAA
BBCC
BBCC
Case #71:
BA
BA
Case #72:
DA
CB
Case #73:
EEEC
BBAC
BBAD
Case #74:
BBA
Case #75:
DDDE
FFFC
GGAB
Case #76:
A
A
B
B
C
C
D
D
E
E
F
F
Case #77:
CCJJ
CCJJ
CCJJ
Case #78:
AB
AC
Case #79:
AAA
CDB
Case #80:
DDDD
EECC
AAAB
Case #81:
FFF
EDA
BDC
BDC
Case #82:
EEA
EED
CFD
CFB
Case #83:
ADD
BDD
CCE
Case #84:
EEC
EEF
AAF
BBD
Case #85:
BBBB
EEEE
DACC
Case #86:
AABB
CCCD
EEFD
Case #87:
FFF
CGG
EDB
EAB
Case #88:
AFFF
BEDD
CEDD
Case #89:
AAC
AAD
FFB
EEB
Case #90:
FFCE
DDGB
DDAB
Case #91:
CEBH
IJFD
ALKG
Case #92:
FGD
CBJ
AHE
IHE
Case #93:
BHG
FEA
CDA
CDA
Case #94:
AA
BB
EC
EC
ED
ED
Case #95:
EDB
GFH
GCA
GCA
Case #96:
ADI
GFJ
BEH
CEH
Case #97:
AAA
Case #98:
GDD
IJJ
BHC
EAF
Case #99:
EEE
CCB
FFB
DAB
Case #100:
DDAA
BBEE
CCEE
