Case #1:
11111111111111111111111111111111 3 2 5 2 7 2 3 2 11
11111111111111111111111111111001 3 2 3 2 5 2 3 2 3
11111111111111111111111111110101 5 2 3 2 5 2 5 2 3
11111111111111111111111111110011 3 2 3 2 5 2 3 2 3
11111111111111111111111111101101 3 2 3 2 5 2 3 2 3
11111111111111111111111111101011 5 2 3 2 5 2 5 2 3
11111111111111111111111111100111 3 2 3 2 5 2 3 2 3
11111111111111111111111111100011 107 1427 331 173 3779 2237 59 6733 13
11111111111111111111111111100001 3 2 5 2 7 2 3 2 11
11111111111111111111111111011101 13 2 3 2 5 2 17 2 3
11111111111111111111111111011011 3 2 3 2 5 2 3 2 3
11111111111111111111111111010111 5 2 3 2 5 2 5 2 3
11111111111111111111111111001111 3 2 3 2 5 2 3 2 3
11111111111111111111111111001011 7 7 547 101 677 1213 419 7 7
11111111111111111111111111001001 3 2 5 2 7 2 3 2 11
11111111111111111111111111000011 3 2 5 2 7 2 3 2 11
11111111111111111111111110111101 3 2 3 2 5 2 3 2 3
11111111111111111111111110111011 17 2 3 2 5 2 17 2 3
11111111111111111111111110110111 3 2 3 2 5 2 3 2 3
11111111111111111111111110110001 3 2 5 2 7 2 3 2 11
11111111111111111111111110101111 5 2 3 2 5 2 5 2 3
11111111111111111111111110100101 3 2 5 2 7 2 3 2 11
11111111111111111111111110100001 7 13 3 17 43 3 73 7 3
11111111111111111111111110011111 3 2 3 2 5 2 3 2 3
11111111111111111111111110011001 3 2 5 2 7 2 3 2 7
11111111111111111111111110010111 73 19 89 97 101 1871 47 503 761
11111111111111111111111110010011 3 2 5 2 7 2 3 2 11
11111111111111111111111110001101 3 2 5 2 7 2 3 2 11
11111111111111111111111110000111 3 2 5 2 7 2 3 2 11
11111111111111111111111110000101 7 13 3 31 43 3 11 7 3
11111111111111111111111110000001 3 2 5 2 7 2 3 2 11
11111111111111111111111101111101 5 2 3 2 5 2 5 2 3
11111111111111111111111101111011 3 2 3 2 5 2 3 2 3
11111111111111111111111101110111 7 2 3 2 5 2 17 2 3
11111111111111111111111101110001 127 2 43 2 17 2 7 2 67
11111111111111111111111101101111 3 2 3 2 5 2 3 2 3
11111111111111111111111101101001 3 2 5 2 7 2 3 2 11
11111111111111111111111101100101 37 2 421 2 193 2 7 2 30307
11111111111111111111111101100011 3 2 5 2 7 2 3 2 11
11111111111111111111111101011111 5 2 3 2 5 2 5 2 3
11111111111111111111111101011101 3 7 13 3 31 43 3 73 7
11111111111111111111111101011011 7 3079 53 181 251 23 19087 7 29
11111111111111111111111101011001 67 2 7 2 61 2 7 2 643
11111111111111111111111101010111 3 11 6679 3 37993 13 3 23 113
11111111111111111111111101010101 5 2 17 2 37 2 5 2 59
11111111111111111111111101001011 3 2 5 2 7 2 3 2 11
11111111111111111111111101001001 47 11 3 23 383 3 919 127 3
11111111111111111111111101000011 2011 149 3 7 647 3 11 43 3
11111111111111111111111101000001 5 2 11 2 13 2 5 2 101
11111111111111111111111100111111 3 2 3 2 5 2 3 2 3
11111111111111111111111100111101 23603 11 457 17 991 31 3271 2381 107
11111111111111111111111100111001 3 2 5 2 7 2 3 2 11
11111111111111111111111100110011 3 2 5 2 7 2 3 2 11
11111111111111111111111100110001 7 5 3 31 11 3 5 7 3
11111111111111111111111100101101 3 2 5 2 7 2 3 2 7
11111111111111111111111100100111 3 2 5 2 7 2 3 2 11
11111111111111111111111100100011 5 13 3 31 43 3 73 7 3
11111111111111111111111100100001 3 2 5 2 7 2 3 2 11
11111111111111111111111100011011 3 2 5 2 7 2 3 2 7
11111111111111111111111100011001 5 37 3 11 457 3 281 233 3
11111111111111111111111100010111 5591 2 23 2 13 2 7 2 17
11111111111111111111111100010101 3 7 3 3 31 3 3 7 3
11111111111111111111111100010001 17 2 257 2 1297 2 17 2 73
11111111111111111111111100001111 3 2 5 2 7 2 3 2 11
11111111111111111111111100001001 3 2 5 2 7 2 3 2 7
11111111111111111111111100000111 7 13 3 29 43 3 61 7 3
11111111111111111111111100000101 5 2 17 2 17 2 5 2 61
11111111111111111111111100000011 3 2 5 2 7 2 3 2 11
11111111111111111111111100000001 401 19 23 43 5 5743 11 257 23
11111111111111111111111011111101 3 2 3 2 5 2 3 2 3
11111111111111111111111011111011 5 2 3 2 5 2 5 2 3
11111111111111111111111011110111 3 2 3 2 5 2 3 2 3
11111111111111111111111011110001 3 2 5 2 7 2 3 2 11
11111111111111111111111011101111 17 2 3 2 5 2 11 2 3
11111111111111111111111011101001 11 2 7 2 29 2 7 2 7
11111111111111111111111011100101 3 2 5 2 7 2 3 2 11
11111111111111111111111011011111 3 2 3 2 5 2 3 2 3
11111111111111111111111011011101 5 97 569 9029 83 5 191 7 53
11111111111111111111111011011001 3 2 5 2 7 2 3 2 11
11111111111111111111111011010111 263 683 7 7 151 79 499 743 71
11111111111111111111111011010011 3 2 5 2 7 2 3 2 11
11111111111111111111111011001111 7 5 167 367 4153 131 5 7 7
11111111111111111111111011001101 3 2 5 2 7 2 3 2 11
11111111111111111111111011001011 7537 2 23 2 271 2 7 2 397
11111111111111111111111011000111 3 2 5 2 7 2 3 2 11
11111111111111111111111011000011 43 317 3 251 751 3 5879 15527 3
11111111111111111111111011000001 3 2 5 2 7 2 3 2 11
11111111111111111111111010111111 5 2 3 2 5 2 5 2 3
11111111111111111111111010110101 3 2 5 2 7 2 3 2 11
11111111111111111111111010110011 7 2 11 2 233 2 7 2 7
11111111111111111111111010101111 3 179 11 3 11 23 3 37 83
11111111111111111111111010101011 5 2 17 2 37 2 5 2 73
11111111111111111111111010100101 7 13 3 31 43 3 73 7 3
11111111111111111111111010100001 5 2 17 2 37 2 5 2 7
11111111111111111111111010011101 3 2 5 2 7 2 3 2 7
11111111111111111111111010011011 23 2 1609 2 241 2 7 2 103
11111111111111111111111010010111 3 2 5 2 7 2 3 2 11
11111111111111111111111010010001 3 2 5 2 7 2 3 2 11
11111111111111111111111010001011 3 773 3 3 401 3 3 1867 3
11111111111111111111111010001001 7 2 29 2 13 2 17 2 23
11111111111111111111111010000111 37 7 3 17 47 3 2917 11 3
11111111111111111111111010000101 3 2 5 2 7 2 3 2 11
11111111111111111111111010000011 5 2 7 2 37 2 5 2 101
11111111111111111111111001111111 3 2 3 2 5 2 3 2 3
11111111111111111111111001111001 3 2 5 2 7 2 3 2 11
11111111111111111111111001110011 3 2 5 2 7 2 3 2 11
11111111111111111111111001101101 3 2 5 2 7 2 3 2 11
11111111111111111111111001101011 19 2 7 2 13 2 7 2 7
11111111111111111111111001100111 3 2 5 2 7 2 3 2 11
11111111111111111111111001100001 3 2 5 2 7 2 3 2 11
11111111111111111111111001011011 3 2 5 2 7 2 3 2 11
11111111111111111111111001010011 1171 7 3 233 17 3 881 53 3
11111111111111111111111001010001 5 2 17 2 37 2 5 2 53
11111111111111111111111001001111 3 2 5 2 7 2 3 2 11
11111111111111111111111001001001 3 2 5 2 7 2 3 2 11
11111111111111111111111001000111 5 59 3 7 13 3 173 20543 3
11111111111111111111111001000101 17 2 257 2 1297 2 17 2 73
11111111111111111111111001000011 3 2 5 2 7 2 3 2 11
11111111111111111111111000111101 3 2 5 2 7 2 3 2 11
11111111111111111111111000110111 3 2 5 2 7 2 3 2 11
11111111111111111111111000110101 7 13 3 31 43 3 23 7 3
11111111111111111111111000110001 3 2 5 2 7 2 3 2 11
11111111111111111111111000101001 5 2 17 2 37 2 5 2 101
11111111111111111111111000100111 7 5 3 31 43 3 5 7 3
11111111111111111111111000100101 3 2 5 2 7 2 3 2 11
11111111111111111111111000100011 11 2 89 2 1297 2 17 2 7
11111111111111111111111000011111 3 2 5 2 7 2 3 2 7
11111111111111111111111000011001 3 2 5 2 7 2 3 2 11
11111111111111111111111000010111 43 47 3 11 79 3 113 317 3
11111111111111111111111000010101 5 2 17 2 11 2 5 2 29
11111111111111111111111000010011 3 2 5 2 7 2 3 2 11
11111111111111111111111000001101 3 2 5 2 7 2 3 2 7
11111111111111111111111000001011 5 2 11 2 17 2 5 2 43
11111111111111111111111000000111 3 2 5 2 7 2 3 2 11
11111111111111111111111000000001 3 2 3 2 7 2 3 2 3
11111111111111111111110111111101 7 2 3 2 5 2 73 2 3
11111111111111111111110111111011 3 2 3 2 5 2 3 2 3
11111111111111111111110111110111 5 2 3 2 5 2 5 2 3
11111111111111111111110111110101 3 27091 11 3 281 1889 3 101 107
11111111111111111111110111110011 37 59 149 523 109 331 239 157 313
11111111111111111111110111101111 3 2 3 2 5 2 3 2 3
11111111111111111111110111101001 3 2 5 2 7 2 3 2 11
11111111111111111111110111100011 3 2 5 2 7 2 3 2 7
11111111111111111111110111100001 7 13 3 19 19 3 23 7 3
11111111111111111111110111011111 17 2 3 2 5 2 17 2 3
11111111111111111111110111011001 5 2 571 2 103 2 7 2 199
11111111111111111111110111010011 7 2 1423 2 107 2 7 2 13
11111111111111111111110111010001 3 5 3 3 1289 3 3 353 3
11111111111111111111110111001011 3 2 5 2 7 2 3 2 11
11111111111111111111110111000101 3 13 3 3 43 3 3 7 3
11111111111111111111110110111111 3 2 3 2 5 2 3 2 3
11111111111111111111110110111001 3 2 5 2 7 2 3 2 11
11111111111111111111110110110101 11 2 67 2 5059 2 7 2 509
11111111111111111111110110110011 3 2 5 2 7 2 3 2 11
11111111111111111111110110101101 3 2 5 2 7 2 3 2 11
11111111111111111111110110101011 139 2 19 2 103 2 7 2 311
11111111111111111111110110101001 7 5 3 31 13 3 5 7 3
11111111111111111111110110100111 3 2 5 2 7 2 3 2 11
11111111111111111111110110100001 3 2 5 2 7 2 3 2 11
11111111111111111111110110011011 3 2 5 2 7 2 3 2 11
11111111111111111111110110010111 97 2 7 2 317 2 7 2 7
11111111111111111111110110001111 3 2 5 2 7 2 3 2 11
11111111111111111111110110001101 7 11 3 23 43 3 73 7 3
11111111111111111111110110001001 3 2 5 2 7 2 3 2 11
11111111111111111111110110000111 13 2543 3 11 101 3 41 113 3
11111111111111111111110110000011 3 2 5 2 7 2 3 2 11
11111111111111111111110101111111 5 2 3 2 5 2 5 2 3
11111111111111111111110101111001 17 2 24133 2 157 2 7 2 367
11111111111111111111110101110101 5 2 17 2 37 2 5 2 7
11111111111111111111110101110001 3 13 3 3 43 3 3 7 3
11111111111111111111110101101011 3 2 5 2 7 2 3 2 11
11111111111111111111110101100111 13729 2 37 2 13 2 7 2 13
11111111111111111111110101100101 3 17 3 3 23 3 3 17 3
11111111111111111111110101100011 7 13 3 11 11 3 73 7 3
11111111111111111111110101100001 5 2 13 2 37 2 5 2 29
11111111111111111111110101011101 11 2 193 2 41 2 7 2 19
11111111111111111111110101010111 5 2 17 2 37 2 5 2 53
11111111111111111111110101010101 7 13 3 31 43 3 73 5 3
11111111111111111111110101001111 73 2 151 2 11 2 7 2 7
11111111111111111111110101001101 3 59 3 3 13 3 3 103 3
11111111111111111111110101001011 41 19 3 7 23 3 619 577 3
11111111111111111111110101000111 3 13 3 3 43 3 3 7 3
11111111111111111111110101000011 5 2 17 2 37 2 5 2 13
11111111111111111111110101000001 3 23 32321 3 5 11 3 31 31
11111111111111111111110100111101 233 2 11 2 109 2 7 2 29
11111111111111111111110100111011 3 2 5 2 7 2 3 2 11
11111111111111111111110100111001 5 13 3 31 43 3 73 7 3
11111111111111111111110100110011 31 5 3 23 13 3 5 19 3
11111111111111111111110100101111 3 2 5 2 7 2 3 2 11
11111111111111111111110100101011 7 13 3 31 43 3 43 7 3
11111111111111111111110100101001 3 2 5 2 7 2 3 2 11
11111111111111111111110100100101 5 2 17 2 37 2 5 2 53
11111111111111111111110100100011 3 2 5 2 7 2 3 2 11
11111111111111111111110100011101 3 5 3 3 31 3 3 7 3
11111111111111111111110100010011 17 2 11 2 1297 2 17 2 73
11111111111111111111110100010001 3 16657 37 3 5 5 3 83 53
11111111111111111111110100001111 7 13 3 17 43 3 73 7 3
11111111111111111111110100001011 3 2 5 2 7 2 3 2 11
11111111111111111111110100000111 5 2 17 2 37 2 5 2 7
11111111111111111111110100000001 7 2 3 2 43 2 73 2 3
11111111111111111111110011111111 3 2 3 2 5 2 3 2 3
11111111111111111111110011111001 3 2 5 2 7 2 3 2 11
11111111111111111111110011110011 3 2 5 2 7 2 3 2 11
11111111111111111111110011101101 3 2 5 2 7 2 3 2 11
11111111111111111111110011101011 13 2 71 2 11 2 7 2 19
11111111111111111111110011101001 5 101 3 43 617 3 139 107 3
11111111111111111111110011100111 3 2 5 2 7 2 3 2 7
11111111111111111111110011100101 7 5 3 31 43 3 5 7 3
11111111111111111111110011100011 859 1913 3 3989 29 3 11 47 3
11111111111111111111110011100001 3 2 5 2 7 2 3 2 11
11111111111111111111110011011011 3 2 5 2 7 2 3 2 11
11111111111111111111110011011001 11 7 3 107 307 3 41 9739 3
11111111111111111111110011010101 3 29 3 3 11 3 3 11 3
11111111111111111111110011001111 3 2 5 2 7 2 3 2 11
11111111111111111111110011001001 3 2 5 2 7 2 3 2 11
11111111111111111111110011000111 487 5 3 431 10457 3 5 19 3
11111111111111111111110011000011 3 2 5 2 7 2 3 2 7
11111111111111111111110010111101 3 2 5 2 7 2 3 2 11
11111111111111111111110010111011 7 2 23 2 53 2 7 2 7
11111111111111111111110010111001 14891 5 3 7 23 3 5 367 3
11111111111111111111110010110111 3 2 5 2 7 2 3 2 11
11111111111111111111110010110001 3 2 5 2 7 2 3 2 11
11111111111111111111110010101101 5 13 3 31 43 3 29 7 3
11111111111111111111110010101011 3 23 3 3 97 3 3 593 3
11111111111111111111110010100111 29 17 3 19 17 3 131 61 3
11111111111111111111110010100101 3 2 5 2 7 2 3 2 11
11111111111111111111110010100011 5 2 17 2 37 2 5 2 41
11111111111111111111110010100001 23 137 13 11 5 23 11 5741 109
11111111111111111111110010011111 3 2 5 2 7 2 3 2 11
11111111111111111111110010011001 3 2 5 2 7 2 3 2 11
11111111111111111111110010010011 3 2 5 2 7 2 3 2 11
11111111111111111111110010001101 3 2 5 2 7 2 3 2 11
11111111111111111111110010001011 17 2 7 2 19 2 17 2 73
11111111111111111111110010000111 3 2 5 2 7 2 3 2 11
11111111111111111111110010000001 3 2 3 2 7 2 3 2 3
11111111111111111111110001111101 19 2 2207 2 1747 2 7 2 4337
11111111111111111111110001111011 3 2 5 2 7 2 3 2 11
11111111111111111111110001111001 31 23 3 17 59 3 11 17 3
11111111111111111111110001110111 127 2 13 2 55987 2 7 2 61
11111111111111111111110001110101 3 11 3 3 13 3 3 7 3
11111111111111111111110001110001 5 2 17 2 23 2 5 2 101
11111111111111111111110001101111 3 2 5 2 7 2 3 2 11
11111111111111111111110001101101 29 5 3 151 11 3 5 127 3
11111111111111111111110001101011 11 163 3 11 71 3 421 11 3
11111111111111111111110001101001 3 2 5 2 7 2 3 2 11
11111111111111111111110001100111 5 13 3 31 43 3 73 7 3
11111111111111111111110001100011 3 2 5 2 7 2 3 2 11
11111111111111111111110001010111 3 19 3 3 46441 3 3 331 3
11111111111111111111110001010101 11 2 29 2 3083 2 37 2 7
11111111111111111111110001010011 5 2 7 2 37 2 5 2 101
11111111111111111111110001001111 13 5 3 7 19 3 5 29 3
11111111111111111111110001001011 3 2 5 2 7 2 3 2 11
11111111111111111111110001001001 5 7 7 7507 5 5 113 709 7
11111111111111111111110001000111 17 2 23 2 11 2 17 2 13
11111111111111111111110001000101 3 5 73 3 5 67 3 6361 97
11111111111111111111110000111111 3 2 5 2 7 2 3 2 11
11111111111111111111110000111101 7 13 3 31 43 3 73 7 3
11111111111111111111110000111001 3 2 5 2 7 2 3 2 11
11111111111111111111110000110101 5 2 17 2 37 2 5 2 23
11111111111111111111110000110011 3 2 5 2 7 2 3 2 11
11111111111111111111110000110001 19 1823 107 373 5 11 17 359 13
11111111111111111111110000101111 7 13 3 31 41 3 37 7 3
11111111111111111111110000101101 3 2 5 2 7 2 3 2 11
11111111111111111111110000101011 5 2 17 2 37 2 5 2 7
11111111111111111111110000100111 3 2 5 2 7 2 3 2 11
11111111111111111111110000100001 3 2 3 2 7 2 3 2 3
11111111111111111111110000011111 137 199 3 59 11 3 29 223 3
11111111111111111111110000011011 3 2 5 2 7 2 3 2 11
11111111111111111111110000010111 5 2 17 2 17 2 5 2 101
11111111111111111111110000010011 7 7 1279 17 5 149 11 7 7
11111111111111111111110000001111 3 2 5 2 7 2 3 2 11
11111111111111111111110000001001 3 2 3 2 7 2 3 2 3
11111111111111111111110000000101 7 2 3 2 11 2 73 2 3
11111111111111111111110000000011 3 2 3 2 7 2 3 2 3
11111111111111111111110000000001 13 7 457 29 227 73 83 11 7
11111111111111111111101111111101 3 2 3 2 5 2 3 2 3
11111111111111111111101111111011 47 2 3 2 5 2 97 2 3
11111111111111111111101111110111 3 2 3 2 5 2 3 2 3
11111111111111111111101111110011 337 5 23 43 5477 11 5 173 13
11111111111111111111101111110001 3 2 5 2 7 2 3 2 11
11111111111111111111101111101111 5 2 3 2 5 2 5 2 3
11111111111111111111101111101101 37 7 7 41 19 53401 191 79 7
11111111111111111111101111101011 3 19 197 3 89 23 3 11 463
11111111111111111111101111100101 3 2 5 2 7 2 3 2 11
11111111111111111111101111100001 17 113 3 53 409 3 61 50047 3
11111111111111111111101111011111 3 2 3 2 5 2 3 2 3
11111111111111111111101111011001 3 2 5 2 7 2 3 2 11
11111111111111111111101111010101 9623 2 23 2 26737 2 7 2 7
11111111111111111111101111010011 3 2 5 2 7 2 3 2 11
11111111111111111111101111001101 3 2 5 2 7 2 3 2 11
11111111111111111111101111001011 79 2 7 2 3037 2 7 2 109
11111111111111111111101111000111 3 2 5 2 7 2 3 2 11
11111111111111111111101111000101 383 29 3 23 13 3 641 19 3
11111111111111111111101111000001 3 2 5 2 7 2 3 2 11
11111111111111111111101110111111 7 2 3 2 5 2 17 2 3
11111111111111111111101110111001 12197 2 24019 2 3517 2 5 2 23
11111111111111111111101110110101 3 2 5 2 7 2 3 2 11
11111111111111111111101110110011 5 2 29221 2 457 2 7 2 61
11111111111111111111101110110001 7 13 3 31 43 3 73 7 3
11111111111111111111101110101111 3 19507 73 3 197 11 3 1423 23
11111111111111111111101110100111 59 2 13 2 67 2 7 2 7219
11111111111111111111101110100011 3 5 3 3 43 3 3 7 3
11111111111111111111101110011101 3 2 5 2 7 2 3 2 11
11111111111111111111101110011001 13 107 3 67 53 3 11 5021 3
11111111111111111111101110010111 3 2 5 2 7 2 3 2 11
11111111111111111111101110010101 5 13 3 31 11 3 43 7 3
11111111111111111111101110010001 3 2 5 2 7 2 3 2 11
11111111111111111111101110001111 11 2 15901 2 17 2 7 2 13
11111111111111111111101110001011 3 701 3 3 181 3 3 19 3
11111111111111111111101110000111 7 13 3 31 43 3 73 7 3
11111111111111111111101110000101 3 2 5 2 7 2 3 2 11
11111111111111111111101110000001 5 7 11 11 5 5 23 11 7
11111111111111111111101101111111 3 2 3 2 5 2 3 2 3
11111111111111111111101101111011 17 5 3583 16519 467 151 5 227 50047
11111111111111111111101101111001 3 2 5 2 7 2 3 2 11
11111111111111111111101101110111 5 11 37 7 1567 5 11 571 359
11111111111111111111101101110011 3 2 5 2 7 2 3 2 11
11111111111111111111101101101101 3 2 5 2 7 2 3 2 11
11111111111111111111101101100111 3 2 5 2 7 2 3 2 11
11111111111111111111101101100001 3 2 5 2 7 2 3 2 11
11111111111111111111101101011011 3 2 5 2 7 2 3 2 11
11111111111111111111101101010111 12611 2 11 2 937 2 7 2 7
11111111111111111111101101010101 3 173 3 3 113 3 3 83 3
11111111111111111111101101001111 3 2 5 2 7 2 3 2 11
11111111111111111111101101001001 3 2 5 2 7 2 3 2 11
11111111111111111111101101000101 5 2 7 2 37 2 5 2 7
11111111111111111111101101000011 3 2 5 2 7 2 3 2 11
11111111111111111111101100111101 3 2 5 2 7 2 3 2 7
11111111111111111111101100111011 5 2 19 2 251 2 7 2 43
11111111111111111111101100110111 3 2 5 2 7 2 3 2 11
11111111111111111111101100110011 7 13 3 13 17 3 73 7 3
11111111111111111111101100110001 3 2 5 2 7 2 3 2 11
11111111111111111111101100100101 3 2 5 2 7 2 3 2 11
11111111111111111111101100100011 1319 2 11 2 19 2 4723 2 29
11111111111111111111101100011111 3 2 5 2 7 2 3 2 11
11111111111111111111101100011001 3 2 5 2 7 2 3 2 7
11111111111111111111101100010111 7 5 3 31 29 3 5 7 3
11111111111111111111101100010101 17 2 257 2 1297 2 17 2 73
11111111111111111111101100010011 3 2 5 2 7 2 3 2 11
11111111111111111111101100001111 37 6781 3 7 19 3 11 653 3
11111111111111111111101100001101 3 2 5 2 7 2 3 2 11
11111111111111111111101100000111 3 2 5 2 7 2 3 2 11
11111111111111111111101100000101 31 11 11 11 5 67 31 11 41
11111111111111111111101100000011 23 5 223 12163 5 6011 5 31 7
11111111111111111111101100000001 3 2 3 2 7 2 3 2 3
11111111111111111111101011111111 5 2 3 2 5 2 5 2 3
11111111111111111111101011111011 3 11 251 3 683 509 3 7 211
11111111111111111111101011111001 71 2 7 2 103 2 7 2 7
11111111111111111111101011110101 3 2 5 2 7 2 3 2 11
11111111111111111111101011101011 5 2 7 2 37 2 5 2 13
11111111111111111111101011101001 3 23 3 3 229 3 3 103 3
11111111111111111111101011100001 5 2 17 2 29 2 5 2 101
11111111111111111111101011011101 3 2 5 2 7 2 3 2 11
11111111111111111111101011011011 19 2 11 2 11 2 7 2 241
11111111111111111111101011010111 3 2 5 2 7 2 3 2 11
11111111111111111111101011010001 3 2 5 2 7 2 3 2 11
11111111111111111111101011001101 5 7 3 19 769 3 22993 29 3
11111111111111111111101011000101 3 2 5 2 7 2 3 2 11
11111111111111111111101011000011 5 2 17 2 37 2 5 2 101
11111111111111111111101011000001 167 1013 7 10007 5 521 433 419 13
11111111111111111111101010110101 7 13 3 23 43 3 73 7 3
11111111111111111111101010101111 5 2 17 2 23 2 5 2 7
11111111111111111111101010101011 44027 47 3 7 19 3 59 5 3
11111111111111111111101010101001 53 2 23 2 17 2 2741 2 79
11111111111111111111101010100111 3 13 3 3 43 3 3 7 3
11111111111111111111101010100101 5 2 17 2 13 2 5 2 19
11111111111111111111101010100011 67 2 26267 2 11 2 113 2 13
11111111111111111111101010010101 3 2 5 2 7 2 3 2 11
11111111111111111111101010001101 17 2 193 2 1297 2 11 2 73
11111111111111111111101010001001 3 5 7 3 5 61 3 11 41
11111111111111111111101010000111 5 2 11 2 37 2 5 2 17
11111111111111111111101010000011 3 43 4721 3 5 29 3 1483 5591
11111111111111111111101010000001 2063 2 3 2 61 2 41 2 3
11111111111111111111101001111101 3 2 5 2 7 2 3 2 11
11111111111111111111101001111011 13 2 7 2 55987 2 7 2 7
11111111111111111111101001111001 23 149 3 7 19 3 71 11 3
11111111111111111111101001110111 3 2 5 2 7 2 3 2 11
11111111111111111111101001110001 3 2 5 2 7 2 3 2 11
11111111111111111111101001101101 131 17 3 353 13 3 11 31 3
11111111111111111111101001101011 3 1609 3 3 17 3 3 491 3
11111111111111111111101001101001 5 2 11 2 37 2 5 2 7
11111111111111111111101001100101 3 2 5 2 7 2 3 2 11
11111111111111111111101001100001 7 19 13 29 5 35393 17 7 457
11111111111111111111101001011111 3 2 5 2 7 2 3 2 11
11111111111111111111101001011101 12409 293 3 349 11 3 23 1471 3
11111111111111111111101001011011 11 23 3 19 317 3 17 113 3
11111111111111111111101001011001 3 2 5 2 7 2 3 2 11
11111111111111111111101001010101 5 2 17 2 23 2 5 2 101
11111111111111111111101001010011 3 2 5 2 7 2 3 2 11
11111111111111111111101001001101 3 2 5 2 7 2 3 2 11
11111111111111111111101001001011 5 2 17 2 37 2 5 2 101
11111111111111111111101001000111 3 2 5 2 7 2 3 2 11
11111111111111111111101001000001 3 2 3 2 7 2 3 2 3
11111111111111111111101000111011 3 5 3 3 233 3 3 11 3
11111111111111111111101000111001 6343 2 191 2 13 2 3691 2 47
11111111111111111111101000110111 5 13 3 11 43 3 73 7 3
11111111111111111111101000110101 3 2 5 2 7 2 3 2 11
11111111111111111111101000110011 113 2 313 2 13381 2 37 2 7
11111111111111111111101000110001 37 5 23 7 5 7283 5 941 6151
11111111111111111111101000101111 3 31 3 3 257 3 3 19 3
11111111111111111111101000101101 5 2 7 2 37 2 5 2 101
11111111111111111111101000100111 17 2 257 2 1297 2 17 2 73
11111111111111111111101000011101 3 2 5 2 7 2 3 2 7
11111111111111111111101000010111 3 2 5 2 7 2 3 2 11
11111111111111111111101000010001 3 2 3 2 7 2 3 2 3
11111111111111111111101000001111 5 2 17 2 37 2 5 2 101
11111111111111111111101000001101 7 11 11 11 5 2801 31 7 41
11111111111111111111101000001011 3 71 7 3 5 37 3 29 131
11111111111111111111101000001001 107 2 3 2 41 2 11 2 3
11111111111111111111101000000101 3 2 3 2 7 2 3 2 3
11111111111111111111100111111111 3 2 3 2 5 2 3 2 3
11111111111111111111100111111001 3 2 5 2 7 2 3 2 11
11111111111111111111100111110011 3 2 5 2 7 2 3 2 7
11111111111111111111100111110001 5 13 3 31 43 3 11 7 3
11111111111111111111100111101101 3 2 5 2 7 2 3 2 11
11111111111111111111100111100111 3 2 5 2 7 2 3 2 11
11111111111111111111100111100011 7 13 3 7 19 3 73 7 3
11111111111111111111100111100001 3 2 5 2 7 2 3 2 7
11111111111111111111100111011101 5 2 563 2 191 2 7 2 7
11111111111111111111100111011011 3 2 5 2 7 2 3 2 11
11111111111111111111100111010111 11 2 1663 2 709 2 7 2 181
11111111111111111111100111010101 3 5 3 3 17 3 3 7 3
11111111111111111111100111001111 3 2 5 2 7 2 3 2 11
11111111111111111111100111001001 3 2 5 2 7 2 3 2 11
11111111111111111111100111000111 7 7 3 31 11 3 73 7 3
11111111111111111111100111000101 13 2 1223 2 61 2 881 2 83
11111111111111111111100111000011 3 2 5 2 7 2 3 2 11
11111111111111111111100110111101 3 2 5 2 7 2 3 2 11
11111111111111111111100110111001 7 13 3 31 43 3 13 7 3
11111111111111111111100110110111 3 2 5 2 7 2 3 2 11
11111111111111111111100110110001 3 2 5 2 7 2 3 2 11
11111111111111111111100110101101 149 5 3 12601 281 3 5 17 3
11111111111111111111100110101011 3 13 3 3 43 3 3 7 3
11111111111111111111100110100101 3 2 5 2 7 2 3 2 11
11111111111111111111100110100001 5 31 79 241 5 5 569 857 13
11111111111111111111100110011111 3 2 5 2 7 2 3 2 11
11111111111111111111100110011101 7 13 3 13 13 3 73 7 3
11111111111111111111100110011001 3 2 5 2 7 2 3 2 11
11111111111111111111100110010011 3 2 5 2 7 2 3 2 11
11111111111111111111100110010001 13 11 11 7 5 2029 13 11 31
11111111111111111111100110001111 7 5 3 31 23 3 5 7 3
11111111111111111111100110001101 3 2 5 2 7 2 3 2 11
11111111111111111111100110001011 173 2 13 2 13 2 419 2 31
11111111111111111111100110000111 3 2 5 2 7 2 3 2 11
11111111111111111111100110000001 3 2 3 2 7 2 3 2 3
11111111111111111111100101111101 17 2 43 2 55987 2 7 2 239
11111111111111111111100101111011 3 2 5 2 7 2 3 2 11
11111111111111111111100101110111 13 2 19 2 11 2 7 2 13
11111111111111111111100101110101 3 211 3 3 29 3 3 2399 3
11111111111111111111100101110011 7 5 3 31 43 3 5 7 3
11111111111111111111100101101111 3 2 5 2 7 2 3 2 11
11111111111111111111100101101001 3 2 5 2 7 2 3 2 11
11111111111111111111100101100101 5 2 17 2 37 2 5 2 13
11111111111111111111100101100011 3 2 5 2 7 2 3 2 7
11111111111111111111100101011101 3 5 3 3 499 3 3 227 3
11111111111111111111100101010111 3 13 3 3 43 3 3 7 3
11111111111111111111100101010011 11 2 701 2 2281 2 3469 2 13
11111111111111111111100101001011 3 2 5 2 7 2 3 2 11
11111111111111111111100101001001 7 5 733 7 5 919 5 7 29
11111111111111111111100101000111 5 2 17 2 23 2 5 2 101
11111111111111111111100100111111 3 2 5 2 7 2 3 2 11
11111111111111111111100100111011 7 11 3 31 43 3 73 7 3
11111111111111111111100100111001 3 2 5 2 7 2 3 2 11
11111111111111111111100100110011 3 2 5 2 7 2 3 2 11
11111111111111111111100100101101 3 2 5 2 7 2 3 2 11
11111111111111111111100100100111 3 2 5 2 7 2 3 2 11
11111111111111111111100100100101 397 37 7 7 5 41 11 17 17
11111111111111111111100100100011 1303 5 1279 5179 5 197 5 43 13
11111111111111111111100100100001 3 2 3 2 7 2 3 2 3
11111111111111111111100100011111 5 13 3 31 43 3 73 7 3
11111111111111111111100100011011 3 2 5 2 7 2 3 2 11
11111111111111111111100100010111 17 2 257 2 1297 2 17 2 7
11111111111111111111100100010101 3 11 11 3 5 5 3 11 41
11111111111111111111100100010001 7 2 3 2 23 2 5 2 3
11111111111111111111100100001111 3 2 5 2 7 2 3 2 11
11111111111111111111100100001101 43 5 8501 41 5 109 5 47111 43
11111111111111111111100100001001 3 2 3 2 7 2 3 2 3
11111111111111111111100100000011 3 2 3 2 7 2 3 2 3
11111111111111111111100011111101 3 2 5 2 7 2 3 2 11
11111111111111111111100011111011 11 2 11321 2 157 2 7 2 31
11111111111111111111100011111001 487 5 3 19 1123 3 5 79 3
11111111111111111111100011110111 3 2 5 2 7 2 3 2 7
11111111111111111111100011110101 7 13 3 31 43 3 73 7 3
11111111111111111111100011110011 1559 29 3 17 1399 3 181 17 3
11111111111111111111100011110001 3 2 5 2 7 2 3 2 11
11111111111111111111100011101011 3 7 3 3 41 3 3 23 3
11111111111111111111100011100111 7 13 3 7 13 3 73 7 3
11111111111111111111100011100101 3 2 5 2 7 2 3 2 7
11111111111111111111100011100011 5 2 17 2 37 2 5 2 101
11111111111111111111100011011111 3 2 5 2 7 2 3 2 11
11111111111111111111100011011001 3 2 5 2 7 2 3 2 11
11111111111111111111100011010011 3 2 5 2 7 2 3 2 7
11111111111111111111100011001101 3 2 5 2 7 2 3 2 11
11111111111111111111100011001011 7 2 31 2 11 2 19 2 2309
11111111111111111111100011000111 3 2 5 2 7 2 3 2 11
11111111111111111111100011000001 3 2 3 2 7 2 3 2 3
11111111111111111111100010111111 37 2 41 2 29 2 7 2 17
11111111111111111111100010111101 7 5 3 31 11 3 5 7 3
11111111111111111111100010110101 3 2 5 2 7 2 3 2 11
11111111111111111111100010101111 3 13 3 3 43 3 3 7 3
