Case #1:
1111111111111111 3 2 5 2 7 2 3 2 11
1111111111111001 3 2 5 2 7 2 3 2 7
1111111111110111 7 13 3 31 5 3 59 7 3
1111111111110101 5 2 17 2 19 2 5 2 101
1111111111110011 3 2 5 2 7 2 3 2 11
1111111111101101 3 2 5 2 7 2 3 2 11
1111111111101011 5 2 17 2 37 2 5 2 101
1111111111100111 3 2 5 2 7 2 3 2 11
1111111111100001 3 2 3 2 7 2 3 2 3
1111111111011111 31 7 3 11 5 3 31 11 3
1111111111011101 17 2 257 2 73 2 7 2 19
1111111111011011 3 2 5 2 7 2 3 2 11
1111111111010111 5 2 17 2 37 2 5 2 101
1111111111001111 3 2 5 2 7 2 3 2 11
1111111111001101 5 7 23 21017 11 5 41 7 7
1111111111001011 11 1553 7 7 13613 67 181 103 197
1111111111001001 3 2 3 2 7 2 3 2 3
1111111111000011 3 2 3 2 7 2 3 2 3
1111111110111111 7 13 3 31 5 3 73 7 3
1111111110111101 3 2 5 2 7 2 3 2 11
1111111110111011 17 2 19 2 47 2 7 2 73
1111111110110111 3 2 5 2 7 2 3 2 11
1111111110110001 3 2 3 2 7 2 3 2 3
1111111110101111 5 2 17 2 11 2 5 2 7
1111111110100101 3 2 3 2 7 2 3 2 3
1111111110100011 7 2 3 2 43 2 73 2 3
1111111110011111 3 2 5 2 7 2 3 2 11
1111111110011001 3 2 3 2 7 2 3 2 3
1111111110010101 7 2 3 2 43 2 11 2 3
1111111110010011 3 2 3 2 7 2 3 2 3
1111111110001101 3 2 3 2 7 2 3 2 3
1111111110000111 3 2 3 2 7 2 3 2 3
1111111110000001 3 2 5 2 5 2 3 2 11
1111111101111101 5 2 7 2 11 2 5 2 79
1111111101111011 3 2 5 2 7 2 3 2 7
1111111101111001 7 29 83 41 19 13 15551 7 191
1111111101110111 17 2 29 2 1297 2 7 2 73
1111111101110101 3 7 13 3 31 43 3 73 7
1111111101101111 3 2 5 2 7 2 3 2 11
1111111101101001 3 2 3 2 7 2 3 2 3
1111111101100011 3 2 3 2 7 2 3 2 3
1111111101100001 13 19 7 733 67 5869 29 1171 31
1111111101011111 5 2 17 2 37 2 5 2 101
1111111101011101 3 523 19 3 149 967 3 7 2689
1111111101011001 131 2 3 2 13 2 79 2 3
1111111101010101 5 2 3 2 37 2 5 2 3
1111111101010001 3 7 13 3 31 43 3 73 7
1111111101001011 3 2 3 2 7 2 3 2 3
1111111101000001 5 2 17 2 5 2 5 2 19
1111111100111111 3 2 5 2 7 2 3 2 11
