Case #1: CAB
Case #2: MJA
Case #3: OCDE
Case #4: BBAAA
Case #5: CCCABBBAB
Case #6: CCCBAABAB
Case #7: ZXCASDQWE
Case #8: DDDCCCBBABAAAA
Case #9: CCCBBBBABBAAAB
Case #10: DCCCBBABBABBC
Case #11: CCCCCCBAABABAAA
Case #12: CCCCCBBBBBAAAAA
Case #13: CCCCBBBBAABAABA
Case #14: DDCCCBAAAABBB
Case #15: ZABYCXDWEU
Case #16: ONMACDEFGHJIKLB
Case #17: MMEIKLAJHGFDCBA
Case #18: CBA
Case #19: CCCCBAAABABBABA
Case #20: OMDLIHBEGFJNCKA
Case #21: CCCCBBBBABABABB
Case #22: OMJIFAEDCHGBLNK
Case #23: ZYWVSFSRHDHSNND
Case #24: CBA
Case #25: CCCCCCCCBBABAAB
Case #26: Z
Case #27: TTMPBHFQFDNJPJP
Case #28: BBB
Case #29: CBA
Case #30: CCCCBAAAAABAA
Case #31: CCCCBBBAABBAABB
Case #32: BA
Case #33: CCCBBAABBBBBAAB
Case #34: ZEDCBAYXWU
Case #35: MMKJHEDCABFGILA
Case #36: BAAA
Case #37: BAAA
Case #38: CBA
Case #39: CCCCCBBBBBAAAAA
Case #40: CCCCCBAABBABABB
Case #41: BAAA
Case #42: CCCCCBBBBBAAAAA
Case #43: BBBBBAAAAAAAA
Case #44: MMLAKGDBACEFHIJ
Case #45: DCBBBBBBABAABAA
Case #46: CCCCCBBBBAAAAAB
Case #47: MMJIHGFBAALKEDC
Case #48: BA
Case #49: ONCBAGFEHIJKLMD
Case #50: MMCFHLAKJIGEDBA
Case #51: DCCCCBBAAAABAB
Case #52: CCCCBBBAABBABBA
Case #53: ZAYBXCWDUE
Case #54: ZACBA
Case #55: YVMDTNDWFLBTRJN
Case #56: CCCCCBBBBAAAAAB
Case #57: AAA
Case #58: ZADBC
Case #59: CCCCCBBBBBAAAAA
Case #60: AA
Case #61: OMCBALEGIJKDNFH
Case #62: CBBBBAAAAAAAA
Case #63: CCCCCBBBBBAAAAA
Case #64: ZABCD
Case #65: XWSRJNQFHPHGQTD
Case #66: CCCCCCCBBBBABBB
Case #67: BAA
Case #68: MMKIHGEDCBAFJLA
Case #69: BBA
Case #70: BAA
Case #71: CCCCCCAABBBBBAA
Case #72: CCCCCBBABBAABAB
Case #73: CCCCABAAABAABAB
Case #74: ZYRMGHFQTVBQWWL
Case #75: OMNLKJIHGFBDECA
Case #76: ZAAAA
Case #77: CCCCCBBBBBAAAAA
Case #78: OMNIKJAHBFEDLGC
Case #79: CCCCCBBBBBAAAAA
Case #80: CCCCCCCCCAABBBB
Case #81: CAB
Case #82: ZDABC
Case #83: CCBBABAABBBAA
Case #84: CCCCBBBAAAAAAAA
Case #85: BAAA
Case #86: CCCCCBBBBBAAAAA
Case #87: ONLBAMJKIFDECGH
Case #88: CCCCCBBBABABBAA
Case #89: CCCCCBBAAAAAABB
Case #90: CCCCCBBBBAABAAA
Case #91: A
Case #92: BB
Case #93: BBA
Case #94: CBBBBAAAAAAAA
Case #95: RRBAACADABA
Case #96: BAA
Case #97: OHBKEFNDIACLMGJ
Case #98: ONMFJKDIHGEBACL
Case #99: BBA
Case #100: ZDCBA
